2023-03-08 22:11:37,307 [INFO   ] [APP] autotrader started with arguments={rtg.py, run, autotrader.py}
2023-03-08 22:11:37,307 [INFO   ] [APP] configuration={"Execution":{"Host":"127.0.0.1","Port":12345},"Information":{"Type":"mmap","Name":"info.dat"},"TeamName":"CrazyThursday","Secret":"fengkuangxingqisi"}
2023-03-08 22:11:37,308 [INFO   ] [CONNECTION] fd=16 connection established: peer=127.0.0.1:12345
2023-03-08 22:11:41,831 [INFO   ] [TRADER] received order book for instrument 0 with sequence number 1
2023-03-08 22:11:41,831 [INFO   ] [TRADER] received order book for instrument 1 with sequence number 1
2023-03-08 22:11:41,831 [INFO   ] [TRADER] received order status for order 1 with fill volume 0 remaining 10 and fees 0
2023-03-08 22:11:41,831 [INFO   ] [TRADER] received order status for order 2 with fill volume 0 remaining 10 and fees 0
2023-03-08 22:11:42,123 [INFO   ] [TRADER] received order book for instrument 0 with sequence number 2
2023-03-08 22:11:42,123 [INFO   ] [TRADER] received order book for instrument 1 with sequence number 2
2023-03-08 22:11:42,303 [INFO   ] [TRADER] received order book for instrument 0 with sequence number 3
2023-03-08 22:11:42,303 [INFO   ] [TRADER] received order book for instrument 1 with sequence number 3
2023-03-08 22:11:42,304 [INFO   ] [TRADER] received order status for order 1 with fill volume 0 remaining 0 and fees 0
2023-03-08 22:11:42,304 [INFO   ] [TRADER] received order status for order 3 with fill volume 0 remaining 10 and fees 0
2023-03-08 22:11:42,554 [INFO   ] [TRADER] received order book for instrument 0 with sequence number 4
2023-03-08 22:11:42,554 [INFO   ] [TRADER] received order book for instrument 1 with sequence number 4
2023-03-08 22:11:42,554 [INFO   ] [TRADER] received order status for order 3 with fill volume 0 remaining 0 and fees 0
2023-03-08 22:11:42,554 [INFO   ] [TRADER] received order status for order 4 with fill volume 0 remaining 10 and fees 0
2023-03-08 22:11:42,628 [INFO   ] [TRADER] received order filled for order 2 with price 147100 and volume 10
2023-03-08 22:11:42,628 [INFO   ] [TRADER] received order status for order 2 with fill volume 10 remaining 0 and fees -147
2023-03-08 22:11:42,628 [INFO   ] [TRADER] received trade ticks for instrument 1 with sequence number 2
2023-03-08 22:11:42,628 [INFO   ] [TRADER] received hedge filled for order 5 with average price 147100 and volume 10
2023-03-08 22:11:42,840 [INFO   ] [TRADER] received trade ticks for instrument 0 with sequence number 2
2023-03-08 22:11:42,878 [INFO   ] [TRADER] received order book for instrument 0 with sequence number 5
2023-03-08 22:11:42,878 [INFO   ] [TRADER] received order book for instrument 1 with sequence number 5
2023-03-08 22:11:42,879 [INFO   ] [TRADER] received order filled for order 4 with price 147000 and volume 1
2023-03-08 22:11:42,879 [INFO   ] [TRADER] received order status for order 4 with fill volume 1 remaining 9 and fees -15
2023-03-08 22:11:42,879 [INFO   ] [TRADER] received order status for order 4 with fill volume 1 remaining 0 and fees -15
2023-03-08 22:11:42,879 [INFO   ] [TRADER] received order status for order 6 with fill volume 0 remaining 10 and fees 0
2023-03-08 22:11:42,879 [INFO   ] [TRADER] received order status for order 7 with fill volume 0 remaining 10 and fees 0
2023-03-08 22:11:42,879 [INFO   ] [TRADER] received trade ticks for instrument 1 with sequence number 3
2023-03-08 22:11:42,879 [INFO   ] [TRADER] received hedge filled for order 8 with average price 147100 and volume 1
2023-03-08 22:11:43,057 [INFO   ] [TRADER] received order book for instrument 0 with sequence number 6
2023-03-08 22:11:43,057 [INFO   ] [TRADER] received order book for instrument 1 with sequence number 6
2023-03-08 22:11:43,057 [INFO   ] [TRADER] received order status for order 6 with fill volume 0 remaining 0 and fees 0
2023-03-08 22:11:43,057 [INFO   ] [TRADER] received order status for order 7 with fill volume 0 remaining 0 and fees 0
2023-03-08 22:11:43,058 [INFO   ] [TRADER] received order status for order 9 with fill volume 0 remaining 10 and fees 0
2023-03-08 22:11:43,058 [INFO   ] [TRADER] received order status for order 10 with fill volume 0 remaining 10 and fees 0
2023-03-08 22:11:43,366 [INFO   ] [TRADER] received order book for instrument 0 with sequence number 7
2023-03-08 22:11:43,366 [INFO   ] [TRADER] received order book for instrument 1 with sequence number 7
2023-03-08 22:11:43,366 [INFO   ] [TRADER] received order status for order 10 with fill volume 0 remaining 0 and fees 0
2023-03-08 22:11:43,366 [INFO   ] [TRADER] received order status for order 11 with fill volume 0 remaining 10 and fees 0
2023-03-08 22:11:43,544 [INFO   ] [TRADER] received order book for instrument 0 with sequence number 8
2023-03-08 22:11:43,544 [INFO   ] [TRADER] received order book for instrument 1 with sequence number 8
2023-03-08 22:11:43,853 [INFO   ] [TRADER] received order book for instrument 0 with sequence number 9
2023-03-08 22:11:43,853 [INFO   ] [TRADER] received order book for instrument 1 with sequence number 9
2023-03-08 22:11:43,884 [INFO   ] [TRADER] received trade ticks for instrument 0 with sequence number 3
2023-03-08 22:11:43,974 [INFO   ] [TRADER] received trade ticks for instrument 0 with sequence number 4
2023-03-08 22:11:44,081 [INFO   ] [TRADER] received order book for instrument 0 with sequence number 10
2023-03-08 22:11:44,082 [INFO   ] [TRADER] received order book for instrument 1 with sequence number 10
2023-03-08 22:11:44,082 [INFO   ] [TRADER] received order status for order 9 with fill volume 0 remaining 0 and fees 0
2023-03-08 22:11:44,082 [INFO   ] [TRADER] received order status for order 12 with fill volume 0 remaining 10 and fees 0
2023-03-08 22:11:44,298 [INFO   ] [TRADER] received order book for instrument 0 with sequence number 11
2023-03-08 22:11:44,298 [INFO   ] [TRADER] received order book for instrument 1 with sequence number 11
2023-03-08 22:11:44,298 [INFO   ] [TRADER] received order filled for order 12 with price 147000 and volume 10
2023-03-08 22:11:44,298 [INFO   ] [TRADER] received order status for order 12 with fill volume 10 remaining 0 and fees -147
2023-03-08 22:11:44,298 [INFO   ] [TRADER] received order status for order 11 with fill volume 0 remaining 0 and fees 0
2023-03-08 22:11:44,298 [INFO   ] [TRADER] received order status for order 13 with fill volume 0 remaining 10 and fees 0
2023-03-08 22:11:44,298 [INFO   ] [TRADER] received order status for order 14 with fill volume 0 remaining 10 and fees 0
2023-03-08 22:11:44,298 [INFO   ] [TRADER] received trade ticks for instrument 1 with sequence number 4
2023-03-08 22:11:44,298 [INFO   ] [TRADER] received hedge filled for order 15 with average price 146800 and volume 10
2023-03-08 22:11:44,625 [INFO   ] [TRADER] received order book for instrument 0 with sequence number 12
2023-03-08 22:11:44,625 [INFO   ] [TRADER] received order book for instrument 1 with sequence number 12
2023-03-08 22:11:44,625 [INFO   ] [TRADER] received order status for order 13 with fill volume 0 remaining 0 and fees 0
2023-03-08 22:11:44,625 [INFO   ] [TRADER] received order status for order 14 with fill volume 0 remaining 0 and fees 0
2023-03-08 22:11:44,625 [INFO   ] [TRADER] received order status for order 16 with fill volume 0 remaining 10 and fees 0
2023-03-08 22:11:44,625 [INFO   ] [TRADER] received order status for order 17 with fill volume 0 remaining 10 and fees 0
2023-03-08 22:11:44,858 [INFO   ] [TRADER] received order book for instrument 0 with sequence number 13
2023-03-08 22:11:44,858 [INFO   ] [TRADER] received order book for instrument 1 with sequence number 13
2023-03-08 22:11:45,119 [INFO   ] [TRADER] received order book for instrument 0 with sequence number 14
2023-03-08 22:11:45,120 [INFO   ] [TRADER] received order book for instrument 1 with sequence number 14
2023-03-08 22:11:45,120 [INFO   ] [TRADER] received order status for order 16 with fill volume 0 remaining 0 and fees 0
2023-03-08 22:11:45,120 [INFO   ] [TRADER] received order status for order 18 with fill volume 0 remaining 10 and fees 0
2023-03-08 22:11:45,237 [INFO   ] [TRADER] received order filled for order 17 with price 147000 and volume 10
2023-03-08 22:11:45,237 [INFO   ] [TRADER] received order status for order 17 with fill volume 10 remaining 0 and fees -147
2023-03-08 22:11:45,237 [INFO   ] [TRADER] received trade ticks for instrument 1 with sequence number 5
2023-03-08 22:11:45,237 [INFO   ] [TRADER] received hedge filled for order 19 with average price 147000 and volume 10
2023-03-08 22:11:45,358 [INFO   ] [TRADER] received order book for instrument 0 with sequence number 15
2023-03-08 22:11:45,358 [INFO   ] [TRADER] received order book for instrument 1 with sequence number 15
2023-03-08 22:11:45,358 [INFO   ] [TRADER] received order status for order 20 with fill volume 0 remaining 10 and fees 0
2023-03-08 22:11:45,483 [INFO   ] [TRADER] received order filled for order 18 with price 146900 and volume 10
2023-03-08 22:11:45,483 [INFO   ] [TRADER] received order status for order 18 with fill volume 10 remaining 0 and fees -147
2023-03-08 22:11:45,483 [INFO   ] [TRADER] received trade ticks for instrument 1 with sequence number 6
2023-03-08 22:11:45,483 [INFO   ] [TRADER] received hedge filled for order 21 with average price 146800 and volume 10
2023-03-08 22:11:45,588 [INFO   ] [TRADER] received order book for instrument 0 with sequence number 16
2023-03-08 22:11:45,588 [INFO   ] [TRADER] received order book for instrument 1 with sequence number 16
2023-03-08 22:11:45,588 [INFO   ] [TRADER] received order status for order 20 with fill volume 0 remaining 0 and fees 0
2023-03-08 22:11:45,588 [INFO   ] [TRADER] received order status for order 22 with fill volume 0 remaining 10 and fees 0
2023-03-08 22:11:45,588 [INFO   ] [TRADER] received order status for order 23 with fill volume 0 remaining 10 and fees 0
2023-03-08 22:11:45,800 [INFO   ] [TRADER] received order book for instrument 0 with sequence number 17
2023-03-08 22:11:45,800 [INFO   ] [TRADER] received order book for instrument 1 with sequence number 17
2023-03-08 22:11:46,047 [INFO   ] [TRADER] received order book for instrument 0 with sequence number 18
2023-03-08 22:11:46,047 [INFO   ] [TRADER] received order book for instrument 1 with sequence number 18
2023-03-08 22:11:46,306 [INFO   ] [TRADER] received order book for instrument 0 with sequence number 19
2023-03-08 22:11:46,306 [INFO   ] [TRADER] received order book for instrument 1 with sequence number 19
2023-03-08 22:11:46,323 [INFO   ] [TRADER] received order filled for order 22 with price 146800 and volume 10
2023-03-08 22:11:46,323 [INFO   ] [TRADER] received order status for order 22 with fill volume 10 remaining 0 and fees -147
2023-03-08 22:11:46,323 [INFO   ] [TRADER] received trade ticks for instrument 1 with sequence number 7
2023-03-08 22:11:46,323 [INFO   ] [TRADER] received hedge filled for order 24 with average price 146800 and volume 10
2023-03-08 22:11:46,627 [INFO   ] [TRADER] received order book for instrument 0 with sequence number 20
2023-03-08 22:11:46,627 [INFO   ] [TRADER] received order book for instrument 1 with sequence number 20
2023-03-08 22:11:46,627 [INFO   ] [TRADER] received order status for order 23 with fill volume 0 remaining 0 and fees 0
2023-03-08 22:11:46,627 [INFO   ] [TRADER] received order status for order 25 with fill volume 0 remaining 10 and fees 0
2023-03-08 22:11:46,628 [INFO   ] [TRADER] received order status for order 26 with fill volume 0 remaining 10 and fees 0
2023-03-08 22:11:46,789 [INFO   ] [TRADER] received order book for instrument 0 with sequence number 21
2023-03-08 22:11:46,789 [INFO   ] [TRADER] received order book for instrument 1 with sequence number 21
2023-03-08 22:11:47,026 [INFO   ] [TRADER] received trade ticks for instrument 0 with sequence number 5
2023-03-08 22:11:47,085 [INFO   ] [TRADER] received order book for instrument 0 with sequence number 22
2023-03-08 22:11:47,086 [INFO   ] [TRADER] received order book for instrument 1 with sequence number 22
2023-03-08 22:11:47,086 [INFO   ] [TRADER] received order status for order 25 with fill volume 0 remaining 0 and fees 0
2023-03-08 22:11:47,086 [INFO   ] [TRADER] received order status for order 26 with fill volume 0 remaining 0 and fees 0
2023-03-08 22:11:47,086 [INFO   ] [TRADER] received order status for order 27 with fill volume 0 remaining 10 and fees 0
2023-03-08 22:11:47,086 [INFO   ] [TRADER] received order status for order 28 with fill volume 0 remaining 10 and fees 0
2023-03-08 22:11:47,300 [INFO   ] [TRADER] received order book for instrument 0 with sequence number 23
2023-03-08 22:11:47,300 [INFO   ] [TRADER] received order book for instrument 1 with sequence number 23
2023-03-08 22:11:47,300 [INFO   ] [TRADER] received order status for order 27 with fill volume 0 remaining 0 and fees 0
2023-03-08 22:11:47,300 [INFO   ] [TRADER] received order status for order 28 with fill volume 0 remaining 0 and fees 0
2023-03-08 22:11:47,300 [INFO   ] [TRADER] received order status for order 29 with fill volume 0 remaining 10 and fees 0
2023-03-08 22:11:47,300 [INFO   ] [TRADER] received order status for order 30 with fill volume 0 remaining 10 and fees 0
2023-03-08 22:11:47,632 [INFO   ] [TRADER] received order book for instrument 0 with sequence number 24
2023-03-08 22:11:47,632 [INFO   ] [TRADER] received order book for instrument 1 with sequence number 24
2023-03-08 22:11:47,632 [INFO   ] [TRADER] received order status for order 29 with fill volume 0 remaining 0 and fees 0
2023-03-08 22:11:47,632 [INFO   ] [TRADER] received order status for order 30 with fill volume 0 remaining 0 and fees 0
2023-03-08 22:11:47,632 [INFO   ] [TRADER] received order status for order 31 with fill volume 0 remaining 10 and fees 0
2023-03-08 22:11:47,632 [INFO   ] [TRADER] received order filled for order 32 with price 147000 and volume 10
2023-03-08 22:11:47,632 [INFO   ] [TRADER] received order status for order 32 with fill volume 10 remaining 0 and fees 294
2023-03-08 22:11:47,632 [INFO   ] [TRADER] received trade ticks for instrument 1 with sequence number 8
2023-03-08 22:11:47,632 [INFO   ] [TRADER] received hedge filled for order 33 with average price 147000 and volume 10
2023-03-08 22:11:47,787 [INFO   ] [TRADER] received order book for instrument 0 with sequence number 25
2023-03-08 22:11:47,787 [INFO   ] [TRADER] received order book for instrument 1 with sequence number 25
2023-03-08 22:11:47,787 [INFO   ] [TRADER] received order status for order 31 with fill volume 0 remaining 0 and fees 0
2023-03-08 22:11:47,787 [INFO   ] [TRADER] received order status for order 34 with fill volume 0 remaining 10 and fees 0
2023-03-08 22:11:47,787 [INFO   ] [TRADER] received order filled for order 35 with price 147000 and volume 10
2023-03-08 22:11:47,787 [INFO   ] [TRADER] received order status for order 35 with fill volume 10 remaining 0 and fees 294
2023-03-08 22:11:47,787 [INFO   ] [TRADER] received trade ticks for instrument 1 with sequence number 9
2023-03-08 22:11:47,788 [INFO   ] [TRADER] received hedge filled for order 36 with average price 147000 and volume 10
2023-03-08 22:11:47,890 [INFO   ] [TRADER] received trade ticks for instrument 0 with sequence number 6
2023-03-08 22:11:48,121 [INFO   ] [TRADER] received order book for instrument 0 with sequence number 26
2023-03-08 22:11:48,121 [INFO   ] [TRADER] received order book for instrument 1 with sequence number 26
2023-03-08 22:11:48,121 [INFO   ] [TRADER] received order status for order 34 with fill volume 0 remaining 0 and fees 0
2023-03-08 22:11:48,122 [INFO   ] [TRADER] received order status for order 37 with fill volume 0 remaining 10 and fees 0
2023-03-08 22:11:48,122 [INFO   ] [TRADER] received order filled for order 38 with price 147000 and volume 10
2023-03-08 22:11:48,122 [INFO   ] [TRADER] received order status for order 38 with fill volume 10 remaining 0 and fees 294
2023-03-08 22:11:48,122 [INFO   ] [TRADER] received trade ticks for instrument 1 with sequence number 10
2023-03-08 22:11:48,122 [INFO   ] [TRADER] received hedge filled for order 39 with average price 146700 and volume 10
2023-03-08 22:11:48,302 [INFO   ] [TRADER] received order book for instrument 0 with sequence number 27
2023-03-08 22:11:48,303 [INFO   ] [TRADER] received order book for instrument 1 with sequence number 27
2023-03-08 22:11:48,303 [INFO   ] [TRADER] received order status for order 37 with fill volume 0 remaining 0 and fees 0
2023-03-08 22:11:48,303 [INFO   ] [TRADER] received order status for order 40 with fill volume 0 remaining 10 and fees 0
2023-03-08 22:11:48,303 [INFO   ] [TRADER] received order filled for order 41 with price 147000 and volume 10
2023-03-08 22:11:48,303 [INFO   ] [TRADER] received order status for order 41 with fill volume 10 remaining 0 and fees 294
2023-03-08 22:11:48,303 [INFO   ] [TRADER] received trade ticks for instrument 1 with sequence number 11
2023-03-08 22:11:48,303 [INFO   ] [TRADER] received hedge filled for order 42 with average price 146700 and volume 10
2023-03-08 22:11:48,420 [INFO   ] [TRADER] received trade ticks for instrument 1 with sequence number 12
2023-03-08 22:11:48,476 [INFO   ] [TRADER] received trade ticks for instrument 0 with sequence number 7
2023-03-08 22:11:48,580 [INFO   ] [TRADER] received order book for instrument 0 with sequence number 28
2023-03-08 22:11:48,580 [INFO   ] [TRADER] received order book for instrument 1 with sequence number 28
2023-03-08 22:11:48,580 [INFO   ] [TRADER] received order status for order 40 with fill volume 0 remaining 0 and fees 0
2023-03-08 22:11:48,580 [INFO   ] [TRADER] received order status for order 43 with fill volume 0 remaining 10 and fees 0
2023-03-08 22:11:48,580 [INFO   ] [TRADER] received order status for order 44 with fill volume 0 remaining 10 and fees 0
2023-03-08 22:11:48,774 [INFO   ] [TRADER] received trade ticks for instrument 0 with sequence number 8
2023-03-08 22:11:48,819 [INFO   ] [TRADER] received order book for instrument 0 with sequence number 29
2023-03-08 22:11:48,819 [INFO   ] [TRADER] received order book for instrument 1 with sequence number 29
2023-03-08 22:11:48,820 [INFO   ] [TRADER] received order status for order 43 with fill volume 0 remaining 0 and fees 0
2023-03-08 22:11:48,820 [INFO   ] [TRADER] received order status for order 44 with fill volume 0 remaining 0 and fees 0
2023-03-08 22:11:48,820 [INFO   ] [TRADER] received order status for order 45 with fill volume 0 remaining 10 and fees 0
2023-03-08 22:11:48,820 [INFO   ] [TRADER] received order status for order 46 with fill volume 0 remaining 10 and fees 0
2023-03-08 22:11:49,047 [INFO   ] [TRADER] received order book for instrument 0 with sequence number 30
2023-03-08 22:11:49,047 [INFO   ] [TRADER] received order book for instrument 1 with sequence number 30
2023-03-08 22:11:49,047 [INFO   ] [TRADER] received order status for order 45 with fill volume 0 remaining 0 and fees 0
2023-03-08 22:11:49,047 [INFO   ] [TRADER] received order status for order 46 with fill volume 0 remaining 0 and fees 0
2023-03-08 22:11:49,047 [INFO   ] [TRADER] received order status for order 47 with fill volume 0 remaining 10 and fees 0
2023-03-08 22:11:49,047 [INFO   ] [TRADER] received order status for order 48 with fill volume 0 remaining 10 and fees 0
2023-03-08 22:11:49,339 [INFO   ] [TRADER] received order book for instrument 0 with sequence number 31
2023-03-08 22:11:49,339 [INFO   ] [TRADER] received order book for instrument 1 with sequence number 31
2023-03-08 22:11:49,339 [INFO   ] [TRADER] received order status for order 48 with fill volume 0 remaining 0 and fees 0
2023-03-08 22:11:49,339 [INFO   ] [TRADER] received order status for order 49 with fill volume 0 remaining 10 and fees 0
2023-03-08 22:11:49,567 [INFO   ] [TRADER] received order book for instrument 0 with sequence number 32
2023-03-08 22:11:49,567 [INFO   ] [TRADER] received order book for instrument 1 with sequence number 32
2023-03-08 22:11:49,567 [INFO   ] [TRADER] received order status for order 49 with fill volume 0 remaining 0 and fees 0
2023-03-08 22:11:49,568 [INFO   ] [TRADER] received order status for order 50 with fill volume 0 remaining 10 and fees 0
2023-03-08 22:11:49,825 [INFO   ] [TRADER] received order book for instrument 0 with sequence number 33
2023-03-08 22:11:49,825 [INFO   ] [TRADER] received order book for instrument 1 with sequence number 33
2023-03-08 22:11:49,984 [INFO   ] [TRADER] received order filled for order 47 with price 147100 and volume 10
2023-03-08 22:11:49,984 [INFO   ] [TRADER] received trade ticks for instrument 1 with sequence number 13
2023-03-08 22:11:49,984 [INFO   ] [TRADER] received order status for order 47 with fill volume 10 remaining 0 and fees -147
2023-03-08 22:11:49,985 [INFO   ] [TRADER] received hedge filled for order 51 with average price 146800 and volume 10
2023-03-08 22:11:50,034 [INFO   ] [TRADER] received order book for instrument 0 with sequence number 34
2023-03-08 22:11:50,035 [INFO   ] [TRADER] received order book for instrument 1 with sequence number 34
2023-03-08 22:11:50,035 [INFO   ] [TRADER] received order status for order 50 with fill volume 0 remaining 0 and fees 0
2023-03-08 22:11:50,035 [INFO   ] [TRADER] received order status for order 52 with fill volume 0 remaining 10 and fees 0
2023-03-08 22:11:50,035 [INFO   ] [TRADER] received order status for order 53 with fill volume 0 remaining 10 and fees 0
2023-03-08 22:11:50,365 [INFO   ] [TRADER] received order book for instrument 0 with sequence number 35
2023-03-08 22:11:50,365 [INFO   ] [TRADER] received order book for instrument 1 with sequence number 35
2023-03-08 22:11:50,627 [INFO   ] [TRADER] received order book for instrument 0 with sequence number 36
2023-03-08 22:11:50,627 [INFO   ] [TRADER] received order book for instrument 1 with sequence number 36
2023-03-08 22:11:50,627 [INFO   ] [TRADER] received order status for order 52 with fill volume 0 remaining 0 and fees 0
2023-03-08 22:11:50,627 [INFO   ] [TRADER] received order status for order 53 with fill volume 0 remaining 0 and fees 0
2023-03-08 22:11:50,627 [INFO   ] [TRADER] received order status for order 54 with fill volume 0 remaining 10 and fees 0
2023-03-08 22:11:50,627 [INFO   ] [TRADER] received order status for order 55 with fill volume 0 remaining 10 and fees 0
2023-03-08 22:11:50,723 [INFO   ] [TRADER] received order filled for order 54 with price 146900 and volume 10
2023-03-08 22:11:50,723 [INFO   ] [TRADER] received order status for order 54 with fill volume 10 remaining 0 and fees -147
2023-03-08 22:11:50,723 [INFO   ] [TRADER] received trade ticks for instrument 1 with sequence number 14
2023-03-08 22:11:50,723 [INFO   ] [TRADER] received hedge filled for order 56 with average price 146700 and volume 10
2023-03-08 22:11:50,863 [INFO   ] [TRADER] received order book for instrument 0 with sequence number 37
2023-03-08 22:11:50,863 [INFO   ] [TRADER] received order book for instrument 1 with sequence number 37
2023-03-08 22:11:50,863 [INFO   ] [TRADER] received order status for order 55 with fill volume 0 remaining 0 and fees 0
2023-03-08 22:11:50,863 [INFO   ] [TRADER] received order filled for order 57 with price 146400 and volume 10
2023-03-08 22:11:50,863 [INFO   ] [TRADER] received order status for order 57 with fill volume 10 remaining 0 and fees 293
2023-03-08 22:11:50,863 [INFO   ] [TRADER] received order status for order 58 with fill volume 0 remaining 10 and fees 0
2023-03-08 22:11:50,863 [INFO   ] [TRADER] received trade ticks for instrument 1 with sequence number 15
2023-03-08 22:11:50,863 [INFO   ] [TRADER] received hedge filled for order 59 with average price 146700 and volume 10
2023-03-08 22:11:51,085 [INFO   ] [TRADER] received order book for instrument 0 with sequence number 38
2023-03-08 22:11:51,085 [INFO   ] [TRADER] received order book for instrument 1 with sequence number 38
2023-03-08 22:11:51,085 [INFO   ] [TRADER] received order status for order 58 with fill volume 0 remaining 0 and fees 0
2023-03-08 22:11:51,085 [INFO   ] [TRADER] received order filled for order 60 with price 146400 and volume 10
2023-03-08 22:11:51,085 [INFO   ] [TRADER] received order status for order 60 with fill volume 10 remaining 0 and fees 293
2023-03-08 22:11:51,085 [INFO   ] [TRADER] received order status for order 61 with fill volume 0 remaining 10 and fees 0
2023-03-08 22:11:51,085 [INFO   ] [TRADER] received trade ticks for instrument 1 with sequence number 16
2023-03-08 22:11:51,085 [INFO   ] [TRADER] received hedge filled for order 62 with average price 146700 and volume 10
2023-03-08 22:11:51,325 [INFO   ] [TRADER] received order book for instrument 0 with sequence number 39
2023-03-08 22:11:51,325 [INFO   ] [TRADER] received order book for instrument 1 with sequence number 39
2023-03-08 22:11:51,327 [INFO   ] [TRADER] received trade ticks for instrument 1 with sequence number 17
2023-03-08 22:11:51,328 [INFO   ] [TRADER] received order status for order 61 with fill volume 0 remaining 0 and fees 0
2023-03-08 22:11:51,328 [INFO   ] [TRADER] received order filled for order 63 with price 146400 and volume 10
2023-03-08 22:11:51,328 [INFO   ] [TRADER] received order status for order 63 with fill volume 10 remaining 0 and fees 293
2023-03-08 22:11:51,328 [INFO   ] [TRADER] received order status for order 64 with fill volume 0 remaining 10 and fees 0
2023-03-08 22:11:51,328 [INFO   ] [TRADER] received hedge filled for order 65 with average price 146600 and volume 10
2023-03-08 22:11:51,613 [INFO   ] [TRADER] received order book for instrument 0 with sequence number 40
2023-03-08 22:11:51,613 [INFO   ] [TRADER] received order book for instrument 1 with sequence number 40
2023-03-08 22:11:51,613 [INFO   ] [TRADER] received order status for order 64 with fill volume 0 remaining 0 and fees 0
2023-03-08 22:11:51,613 [INFO   ] [TRADER] received order status for order 66 with fill volume 0 remaining 10 and fees 0
2023-03-08 22:11:51,613 [INFO   ] [TRADER] received order status for order 67 with fill volume 0 remaining 10 and fees 0
2023-03-08 22:11:51,850 [INFO   ] [TRADER] received order book for instrument 0 with sequence number 41
2023-03-08 22:11:51,850 [INFO   ] [TRADER] received order book for instrument 1 with sequence number 41
2023-03-08 22:11:51,850 [INFO   ] [TRADER] received order status for order 67 with fill volume 0 remaining 0 and fees 0
2023-03-08 22:11:51,850 [INFO   ] [TRADER] received order status for order 68 with fill volume 0 remaining 10 and fees 0
2023-03-08 22:11:52,056 [INFO   ] [TRADER] received order book for instrument 0 with sequence number 42
2023-03-08 22:11:52,056 [INFO   ] [TRADER] received order book for instrument 1 with sequence number 42
2023-03-08 22:11:52,056 [INFO   ] [TRADER] received order status for order 66 with fill volume 0 remaining 0 and fees 0
2023-03-08 22:11:52,056 [INFO   ] [TRADER] received order status for order 68 with fill volume 0 remaining 0 and fees 0
2023-03-08 22:11:52,056 [INFO   ] [TRADER] received order filled for order 69 with price 146400 and volume 10
2023-03-08 22:11:52,056 [INFO   ] [TRADER] received order status for order 69 with fill volume 10 remaining 0 and fees 293
2023-03-08 22:11:52,057 [INFO   ] [TRADER] received order status for order 70 with fill volume 0 remaining 10 and fees 0
2023-03-08 22:11:52,057 [INFO   ] [TRADER] received trade ticks for instrument 1 with sequence number 18
2023-03-08 22:11:52,057 [INFO   ] [TRADER] received hedge filled for order 71 with average price 146700 and volume 10
2023-03-08 22:11:52,322 [INFO   ] [TRADER] received trade ticks for instrument 0 with sequence number 9
2023-03-08 22:11:52,334 [INFO   ] [TRADER] received order book for instrument 0 with sequence number 43
2023-03-08 22:11:52,334 [INFO   ] [TRADER] received order book for instrument 1 with sequence number 43
2023-03-08 22:11:52,334 [INFO   ] [TRADER] received order filled for order 72 with price 146400 and volume 10
2023-03-08 22:11:52,334 [INFO   ] [TRADER] received trade ticks for instrument 1 with sequence number 19
2023-03-08 22:11:52,334 [INFO   ] [TRADER] received order status for order 72 with fill volume 10 remaining 0 and fees 293
2023-03-08 22:11:52,334 [INFO   ] [TRADER] received hedge filled for order 73 with average price 146900 and volume 10
2023-03-08 22:11:52,484 [INFO   ] [TRADER] received trade ticks for instrument 1 with sequence number 20
2023-03-08 22:11:52,484 [INFO   ] [TRADER] received trade ticks for instrument 0 with sequence number 10
2023-03-08 22:11:52,529 [INFO   ] [TRADER] received trade ticks for instrument 1 with sequence number 21
2023-03-08 22:11:52,575 [INFO   ] [TRADER] received order book for instrument 0 with sequence number 44
2023-03-08 22:11:52,575 [INFO   ] [TRADER] received order book for instrument 1 with sequence number 44
2023-03-08 22:11:52,575 [INFO   ] [TRADER] received order status for order 70 with fill volume 0 remaining 0 and fees 0
2023-03-08 22:11:52,575 [INFO   ] [TRADER] received order status for order 74 with fill volume 0 remaining 10 and fees 0
2023-03-08 22:11:52,575 [INFO   ] [TRADER] received order status for order 75 with fill volume 0 remaining 10 and fees 0
2023-03-08 22:11:52,624 [INFO   ] [TRADER] received order filled for order 75 with price 146800 and volume 10
2023-03-08 22:11:52,624 [INFO   ] [TRADER] received order status for order 75 with fill volume 10 remaining 0 and fees -147
2023-03-08 22:11:52,624 [INFO   ] [TRADER] received trade ticks for instrument 1 with sequence number 22
2023-03-08 22:11:52,624 [INFO   ] [TRADER] received hedge filled for order 76 with average price 147200 and volume 10
2023-03-08 22:11:52,825 [INFO   ] [TRADER] received order book for instrument 0 with sequence number 45
2023-03-08 22:11:52,825 [INFO   ] [TRADER] received order book for instrument 1 with sequence number 45
2023-03-08 22:11:52,825 [INFO   ] [TRADER] received order status for order 74 with fill volume 0 remaining 0 and fees 0
2023-03-08 22:11:52,825 [INFO   ] [TRADER] received order status for order 77 with fill volume 0 remaining 10 and fees 0
2023-03-08 22:11:52,825 [INFO   ] [TRADER] received order status for order 78 with fill volume 0 remaining 10 and fees 0
2023-03-08 22:11:53,130 [INFO   ] [TRADER] received order book for instrument 0 with sequence number 46
2023-03-08 22:11:53,130 [INFO   ] [TRADER] received order book for instrument 1 with sequence number 46
2023-03-08 22:11:53,338 [INFO   ] [TRADER] received order book for instrument 0 with sequence number 47
2023-03-08 22:11:53,338 [INFO   ] [TRADER] received order book for instrument 1 with sequence number 47
2023-03-08 22:11:53,338 [INFO   ] [TRADER] received order status for order 77 with fill volume 0 remaining 0 and fees 0
2023-03-08 22:11:53,339 [INFO   ] [TRADER] received order status for order 79 with fill volume 0 remaining 10 and fees 0
2023-03-08 22:11:53,492 [INFO   ] [TRADER] received trade ticks for instrument 0 with sequence number 11
2023-03-08 22:11:53,585 [INFO   ] [TRADER] received order filled for order 78 with price 146900 and volume 10
2023-03-08 22:11:53,585 [INFO   ] [TRADER] received order status for order 78 with fill volume 10 remaining 0 and fees -147
2023-03-08 22:11:53,585 [INFO   ] [TRADER] received trade ticks for instrument 1 with sequence number 23
2023-03-08 22:11:53,585 [INFO   ] [TRADER] received hedge filled for order 80 with average price 147100 and volume 10
2023-03-08 22:11:53,620 [INFO   ] [TRADER] received order book for instrument 0 with sequence number 48
2023-03-08 22:11:53,620 [INFO   ] [TRADER] received order book for instrument 1 with sequence number 48
2023-03-08 22:11:53,620 [INFO   ] [TRADER] received order status for order 79 with fill volume 0 remaining 0 and fees 0
2023-03-08 22:11:53,620 [INFO   ] [TRADER] received order status for order 81 with fill volume 0 remaining 10 and fees 0
2023-03-08 22:11:53,620 [INFO   ] [TRADER] received order status for order 82 with fill volume 0 remaining 10 and fees 0
2023-03-08 22:11:53,817 [INFO   ] [TRADER] received order book for instrument 0 with sequence number 49
2023-03-08 22:11:53,817 [INFO   ] [TRADER] received order book for instrument 1 with sequence number 49
2023-03-08 22:11:54,032 [INFO   ] [TRADER] received order book for instrument 0 with sequence number 50
2023-03-08 22:11:54,032 [INFO   ] [TRADER] received order book for instrument 1 with sequence number 50
2023-03-08 22:11:54,032 [INFO   ] [TRADER] received order status for order 81 with fill volume 0 remaining 0 and fees 0
2023-03-08 22:11:54,032 [INFO   ] [TRADER] received order status for order 83 with fill volume 0 remaining 10 and fees 0
2023-03-08 22:11:54,305 [INFO   ] [TRADER] received order book for instrument 0 with sequence number 51
2023-03-08 22:11:54,305 [INFO   ] [TRADER] received order book for instrument 1 with sequence number 51
2023-03-08 22:11:54,305 [INFO   ] [TRADER] received order status for order 83 with fill volume 0 remaining 0 and fees 0
2023-03-08 22:11:54,305 [INFO   ] [TRADER] received order status for order 84 with fill volume 0 remaining 10 and fees 0
2023-03-08 22:11:54,558 [INFO   ] [TRADER] received order book for instrument 0 with sequence number 52
2023-03-08 22:11:54,558 [INFO   ] [TRADER] received order book for instrument 1 with sequence number 52
2023-03-08 22:11:54,826 [INFO   ] [TRADER] received order book for instrument 0 with sequence number 53
2023-03-08 22:11:54,826 [INFO   ] [TRADER] received order book for instrument 1 with sequence number 53
2023-03-08 22:11:54,989 [INFO   ] [TRADER] received order filled for order 84 with price 146700 and volume 10
2023-03-08 22:11:54,989 [INFO   ] [TRADER] received order status for order 84 with fill volume 10 remaining 0 and fees -147
2023-03-08 22:11:54,989 [INFO   ] [TRADER] received trade ticks for instrument 1 with sequence number 24
2023-03-08 22:11:54,989 [INFO   ] [TRADER] received hedge filled for order 85 with average price 146900 and volume 10
2023-03-08 22:11:55,093 [INFO   ] [TRADER] received order book for instrument 0 with sequence number 54
2023-03-08 22:11:55,094 [INFO   ] [TRADER] received order book for instrument 1 with sequence number 54
2023-03-08 22:11:55,094 [INFO   ] [TRADER] received order status for order 82 with fill volume 0 remaining 0 and fees 0
2023-03-08 22:11:55,094 [INFO   ] [TRADER] received order status for order 86 with fill volume 0 remaining 10 and fees 0
2023-03-08 22:11:55,094 [INFO   ] [TRADER] received order status for order 87 with fill volume 0 remaining 10 and fees 0
2023-03-08 22:11:55,349 [INFO   ] [TRADER] received order book for instrument 0 with sequence number 55
2023-03-08 22:11:55,349 [INFO   ] [TRADER] received order book for instrument 1 with sequence number 55
2023-03-08 22:11:55,574 [INFO   ] [TRADER] received order book for instrument 0 with sequence number 56
2023-03-08 22:11:55,574 [INFO   ] [TRADER] received order book for instrument 1 with sequence number 56
2023-03-08 22:11:55,574 [INFO   ] [TRADER] received order status for order 86 with fill volume 0 remaining 0 and fees 0
2023-03-08 22:11:55,574 [INFO   ] [TRADER] received order status for order 87 with fill volume 0 remaining 0 and fees 0
2023-03-08 22:11:55,575 [INFO   ] [TRADER] received order status for order 88 with fill volume 0 remaining 10 and fees 0
2023-03-08 22:11:55,575 [INFO   ] [TRADER] received order filled for order 89 with price 146700 and volume 7
2023-03-08 22:11:55,575 [INFO   ] [TRADER] received order status for order 89 with fill volume 7 remaining 3 and fees 205
2023-03-08 22:11:55,575 [INFO   ] [TRADER] received trade ticks for instrument 1 with sequence number 25
2023-03-08 22:11:55,575 [INFO   ] [TRADER] received hedge filled for order 90 with average price 147000 and volume 7
2023-03-08 22:11:55,844 [INFO   ] [TRADER] received order book for instrument 0 with sequence number 57
2023-03-08 22:11:55,845 [INFO   ] [TRADER] received order book for instrument 1 with sequence number 57
2023-03-08 22:11:55,845 [INFO   ] [TRADER] received order status for order 88 with fill volume 0 remaining 0 and fees 0
2023-03-08 22:11:55,845 [INFO   ] [TRADER] received order status for order 89 with fill volume 7 remaining 0 and fees 205
2023-03-08 22:11:55,845 [INFO   ] [TRADER] received order status for order 91 with fill volume 0 remaining 10 and fees 0
2023-03-08 22:11:55,845 [INFO   ] [TRADER] received order status for order 92 with fill volume 0 remaining 10 and fees 0
2023-03-08 22:11:56,022 [INFO   ] [TRADER] received trade ticks for instrument 0 with sequence number 12
2023-03-08 22:11:56,103 [INFO   ] [TRADER] received order book for instrument 0 with sequence number 58
2023-03-08 22:11:56,103 [INFO   ] [TRADER] received order book for instrument 1 with sequence number 58
2023-03-08 22:11:56,103 [INFO   ] [TRADER] received order status for order 91 with fill volume 0 remaining 0 and fees 0
2023-03-08 22:11:56,103 [INFO   ] [TRADER] received order status for order 92 with fill volume 0 remaining 0 and fees 0
2023-03-08 22:11:56,103 [INFO   ] [TRADER] received order status for order 93 with fill volume 0 remaining 10 and fees 0
2023-03-08 22:11:56,103 [INFO   ] [TRADER] received order status for order 94 with fill volume 0 remaining 10 and fees 0
2023-03-08 22:11:56,342 [INFO   ] [TRADER] received order book for instrument 0 with sequence number 59
2023-03-08 22:11:56,342 [INFO   ] [TRADER] received order book for instrument 1 with sequence number 59
2023-03-08 22:11:56,342 [INFO   ] [TRADER] received order status for order 93 with fill volume 0 remaining 0 and fees 0
2023-03-08 22:11:56,343 [INFO   ] [TRADER] received order status for order 94 with fill volume 0 remaining 0 and fees 0
2023-03-08 22:11:56,343 [INFO   ] [TRADER] received order status for order 95 with fill volume 0 remaining 10 and fees 0
2023-03-08 22:11:56,343 [INFO   ] [TRADER] received order status for order 96 with fill volume 0 remaining 10 and fees 0
2023-03-08 22:11:56,622 [INFO   ] [TRADER] received order book for instrument 0 with sequence number 60
2023-03-08 22:11:56,622 [INFO   ] [TRADER] received order book for instrument 1 with sequence number 60
2023-03-08 22:11:56,851 [INFO   ] [TRADER] received order book for instrument 0 with sequence number 61
2023-03-08 22:11:56,851 [INFO   ] [TRADER] received order book for instrument 1 with sequence number 61
2023-03-08 22:11:57,052 [INFO   ] [TRADER] received order book for instrument 0 with sequence number 62
2023-03-08 22:11:57,052 [INFO   ] [TRADER] received order book for instrument 1 with sequence number 62
2023-03-08 22:11:57,052 [INFO   ] [TRADER] received order status for order 96 with fill volume 0 remaining 0 and fees 0
2023-03-08 22:11:57,052 [INFO   ] [TRADER] received order status for order 97 with fill volume 0 remaining 10 and fees 0
2023-03-08 22:11:57,174 [INFO   ] [TRADER] received order filled for order 97 with price 146800 and volume 10
2023-03-08 22:11:57,174 [INFO   ] [TRADER] received order status for order 97 with fill volume 10 remaining 0 and fees -147
2023-03-08 22:11:57,174 [INFO   ] [TRADER] received trade ticks for instrument 1 with sequence number 26
2023-03-08 22:11:57,174 [INFO   ] [TRADER] received hedge filled for order 98 with average price 147000 and volume 10
2023-03-08 22:11:57,278 [INFO   ] [TRADER] received trade ticks for instrument 0 with sequence number 13
2023-03-08 22:11:57,354 [INFO   ] [TRADER] received order book for instrument 0 with sequence number 63
2023-03-08 22:11:57,354 [INFO   ] [TRADER] received order book for instrument 1 with sequence number 63
2023-03-08 22:11:57,354 [INFO   ] [TRADER] received order status for order 95 with fill volume 0 remaining 0 and fees 0
2023-03-08 22:11:57,355 [INFO   ] [TRADER] received order status for order 99 with fill volume 0 remaining 10 and fees 0
2023-03-08 22:11:57,355 [INFO   ] [TRADER] received order status for order 100 with fill volume 0 remaining 10 and fees 0
2023-03-08 22:11:57,623 [INFO   ] [TRADER] received order book for instrument 0 with sequence number 64
2023-03-08 22:11:57,623 [INFO   ] [TRADER] received order book for instrument 1 with sequence number 64
2023-03-08 22:11:57,624 [INFO   ] [TRADER] received order status for order 99 with fill volume 0 remaining 0 and fees 0
2023-03-08 22:11:57,624 [INFO   ] [TRADER] received order status for order 101 with fill volume 0 remaining 10 and fees 0
2023-03-08 22:11:57,624 [INFO   ] [TRADER] received trade ticks for instrument 0 with sequence number 14
2023-03-08 22:11:57,689 [INFO   ] [TRADER] received order filled for order 100 with price 146800 and volume 10
2023-03-08 22:11:57,690 [INFO   ] [TRADER] received order status for order 100 with fill volume 10 remaining 0 and fees -147
2023-03-08 22:11:57,690 [INFO   ] [TRADER] received trade ticks for instrument 1 with sequence number 27
2023-03-08 22:11:57,690 [INFO   ] [TRADER] received hedge filled for order 102 with average price 147100 and volume 10
2023-03-08 22:11:57,740 [INFO   ] [TRADER] received trade ticks for instrument 0 with sequence number 15
2023-03-08 22:11:57,840 [INFO   ] [TRADER] received order book for instrument 0 with sequence number 65
2023-03-08 22:11:57,840 [INFO   ] [TRADER] received order book for instrument 1 with sequence number 65
2023-03-08 22:11:57,840 [INFO   ] [TRADER] received order status for order 101 with fill volume 0 remaining 0 and fees 0
2023-03-08 22:11:57,840 [INFO   ] [TRADER] received order status for order 103 with fill volume 0 remaining 10 and fees 0
2023-03-08 22:11:57,840 [INFO   ] [TRADER] received order status for order 104 with fill volume 0 remaining 10 and fees 0
2023-03-08 22:11:58,063 [INFO   ] [TRADER] received order book for instrument 0 with sequence number 66
2023-03-08 22:11:58,063 [INFO   ] [TRADER] received order book for instrument 1 with sequence number 66
2023-03-08 22:11:58,063 [INFO   ] [TRADER] received order status for order 103 with fill volume 0 remaining 0 and fees 0
2023-03-08 22:11:58,063 [INFO   ] [TRADER] received order status for order 104 with fill volume 0 remaining 0 and fees 0
2023-03-08 22:11:58,063 [INFO   ] [TRADER] received order status for order 105 with fill volume 0 remaining 10 and fees 0
2023-03-08 22:11:58,063 [INFO   ] [TRADER] received order status for order 106 with fill volume 0 remaining 10 and fees 0
2023-03-08 22:11:58,379 [INFO   ] [TRADER] received order book for instrument 0 with sequence number 67
2023-03-08 22:11:58,379 [INFO   ] [TRADER] received order book for instrument 1 with sequence number 67
2023-03-08 22:11:58,379 [INFO   ] [TRADER] received order status for order 105 with fill volume 0 remaining 0 and fees 0
2023-03-08 22:11:58,379 [INFO   ] [TRADER] received order status for order 106 with fill volume 0 remaining 0 and fees 0
2023-03-08 22:11:58,379 [INFO   ] [TRADER] received order status for order 107 with fill volume 0 remaining 10 and fees 0
2023-03-08 22:11:58,379 [INFO   ] [TRADER] received order status for order 108 with fill volume 0 remaining 10 and fees 0
2023-03-08 22:11:58,606 [INFO   ] [TRADER] received order book for instrument 0 with sequence number 68
2023-03-08 22:11:58,606 [INFO   ] [TRADER] received order book for instrument 1 with sequence number 68
2023-03-08 22:11:58,734 [INFO   ] [TRADER] received trade ticks for instrument 0 with sequence number 16
2023-03-08 22:11:58,793 [INFO   ] [TRADER] received order book for instrument 0 with sequence number 69
2023-03-08 22:11:58,793 [INFO   ] [TRADER] received order book for instrument 1 with sequence number 69
2023-03-08 22:11:59,066 [INFO   ] [TRADER] received order book for instrument 0 with sequence number 70
2023-03-08 22:11:59,066 [INFO   ] [TRADER] received order book for instrument 1 with sequence number 70
2023-03-08 22:11:59,289 [INFO   ] [TRADER] received order book for instrument 0 with sequence number 71
2023-03-08 22:11:59,289 [INFO   ] [TRADER] received order book for instrument 1 with sequence number 71
2023-03-08 22:11:59,289 [INFO   ] [TRADER] received order status for order 107 with fill volume 0 remaining 0 and fees 0
2023-03-08 22:11:59,289 [INFO   ] [TRADER] received order status for order 108 with fill volume 0 remaining 0 and fees 0
2023-03-08 22:11:59,289 [INFO   ] [TRADER] received order filled for order 109 with price 146900 and volume 10
2023-03-08 22:11:59,289 [INFO   ] [TRADER] received order status for order 109 with fill volume 10 remaining 0 and fees 294
2023-03-08 22:11:59,289 [INFO   ] [TRADER] received order status for order 110 with fill volume 0 remaining 10 and fees 0
2023-03-08 22:11:59,289 [INFO   ] [TRADER] received trade ticks for instrument 1 with sequence number 28
2023-03-08 22:11:59,289 [INFO   ] [TRADER] received hedge filled for order 111 with average price 147000 and volume 10
2023-03-08 22:11:59,601 [INFO   ] [TRADER] received order book for instrument 0 with sequence number 72
2023-03-08 22:11:59,601 [INFO   ] [TRADER] received order book for instrument 1 with sequence number 72
2023-03-08 22:11:59,601 [INFO   ] [TRADER] received order status for order 110 with fill volume 0 remaining 0 and fees 0
2023-03-08 22:11:59,601 [INFO   ] [TRADER] received order filled for order 112 with price 146900 and volume 10
2023-03-08 22:11:59,601 [INFO   ] [TRADER] received order status for order 112 with fill volume 10 remaining 0 and fees 294
2023-03-08 22:11:59,601 [INFO   ] [TRADER] received order status for order 113 with fill volume 0 remaining 10 and fees 0
2023-03-08 22:11:59,601 [INFO   ] [TRADER] received trade ticks for instrument 1 with sequence number 29
2023-03-08 22:11:59,601 [INFO   ] [TRADER] received hedge filled for order 114 with average price 147000 and volume 10
2023-03-08 22:11:59,785 [INFO   ] [TRADER] received trade ticks for instrument 1 with sequence number 30
2023-03-08 22:11:59,810 [INFO   ] [TRADER] received order book for instrument 0 with sequence number 73
2023-03-08 22:11:59,810 [INFO   ] [TRADER] received order book for instrument 1 with sequence number 73
2023-03-08 22:11:59,810 [INFO   ] [TRADER] received order status for order 113 with fill volume 0 remaining 0 and fees 0
2023-03-08 22:11:59,810 [INFO   ] [TRADER] received order status for order 115 with fill volume 0 remaining 10 and fees 0
2023-03-08 22:11:59,810 [INFO   ] [TRADER] received order status for order 116 with fill volume 0 remaining 10 and fees 0
2023-03-08 22:12:00,126 [INFO   ] [TRADER] received order book for instrument 0 with sequence number 74
2023-03-08 22:12:00,126 [INFO   ] [TRADER] received order book for instrument 1 with sequence number 74
2023-03-08 22:12:00,220 [INFO   ] [TRADER] received trade ticks for instrument 0 with sequence number 17
2023-03-08 22:12:00,324 [INFO   ] [TRADER] received order book for instrument 0 with sequence number 75
2023-03-08 22:12:00,324 [INFO   ] [TRADER] received order book for instrument 1 with sequence number 75
2023-03-08 22:12:00,324 [INFO   ] [TRADER] received order status for order 115 with fill volume 0 remaining 0 and fees 0
2023-03-08 22:12:00,324 [INFO   ] [TRADER] received order status for order 117 with fill volume 0 remaining 10 and fees 0
2023-03-08 22:12:00,539 [INFO   ] [TRADER] received order book for instrument 0 with sequence number 76
2023-03-08 22:12:00,539 [INFO   ] [TRADER] received order book for instrument 1 with sequence number 76
2023-03-08 22:12:00,539 [INFO   ] [TRADER] received order status for order 117 with fill volume 0 remaining 0 and fees 0
2023-03-08 22:12:00,539 [INFO   ] [TRADER] received order status for order 116 with fill volume 0 remaining 0 and fees 0
2023-03-08 22:12:00,539 [INFO   ] [TRADER] received order status for order 118 with fill volume 0 remaining 10 and fees 0
2023-03-08 22:12:00,539 [INFO   ] [TRADER] received order status for order 119 with fill volume 0 remaining 10 and fees 0
2023-03-08 22:12:00,862 [INFO   ] [TRADER] received order book for instrument 0 with sequence number 77
2023-03-08 22:12:00,862 [INFO   ] [TRADER] received order book for instrument 1 with sequence number 77
2023-03-08 22:12:01,050 [INFO   ] [TRADER] received order book for instrument 0 with sequence number 78
2023-03-08 22:12:01,050 [INFO   ] [TRADER] received order book for instrument 1 with sequence number 78
2023-03-08 22:12:01,279 [INFO   ] [TRADER] received trade ticks for instrument 0 with sequence number 18
2023-03-08 22:12:01,356 [INFO   ] [TRADER] received order book for instrument 0 with sequence number 79
2023-03-08 22:12:01,356 [INFO   ] [TRADER] received order book for instrument 1 with sequence number 79
2023-03-08 22:12:01,356 [INFO   ] [TRADER] received order status for order 118 with fill volume 0 remaining 0 and fees 0
2023-03-08 22:12:01,356 [INFO   ] [TRADER] received order filled for order 120 with price 146900 and volume 10
2023-03-08 22:12:01,356 [INFO   ] [TRADER] received order status for order 120 with fill volume 10 remaining 0 and fees 294
2023-03-08 22:12:01,356 [INFO   ] [TRADER] received trade ticks for instrument 1 with sequence number 31
2023-03-08 22:12:01,356 [INFO   ] [TRADER] received hedge filled for order 121 with average price 147100 and volume 10
2023-03-08 22:12:01,607 [INFO   ] [TRADER] received order book for instrument 0 with sequence number 80
2023-03-08 22:12:01,607 [INFO   ] [TRADER] received order book for instrument 1 with sequence number 80
2023-03-08 22:12:01,607 [INFO   ] [TRADER] received order status for order 119 with fill volume 0 remaining 0 and fees 0
2023-03-08 22:12:01,607 [INFO   ] [TRADER] received order status for order 122 with fill volume 0 remaining 10 and fees 0
2023-03-08 22:12:01,607 [INFO   ] [TRADER] received order status for order 123 with fill volume 0 remaining 10 and fees 0
2023-03-08 22:12:01,789 [INFO   ] [TRADER] received trade ticks for instrument 0 with sequence number 19
2023-03-08 22:12:01,828 [INFO   ] [TRADER] received order book for instrument 0 with sequence number 81
2023-03-08 22:12:01,828 [INFO   ] [TRADER] received order book for instrument 1 with sequence number 81
2023-03-08 22:12:01,829 [INFO   ] [TRADER] received order status for order 122 with fill volume 0 remaining 0 and fees 0
2023-03-08 22:12:01,829 [INFO   ] [TRADER] received order status for order 123 with fill volume 0 remaining 0 and fees 0
2023-03-08 22:12:01,829 [INFO   ] [TRADER] received order filled for order 124 with price 146900 and volume 10
2023-03-08 22:12:01,829 [INFO   ] [TRADER] received order status for order 124 with fill volume 10 remaining 0 and fees 294
2023-03-08 22:12:01,829 [INFO   ] [TRADER] received order status for order 125 with fill volume 0 remaining 10 and fees 0
2023-03-08 22:12:01,829 [INFO   ] [TRADER] received trade ticks for instrument 1 with sequence number 32
2023-03-08 22:12:01,829 [INFO   ] [TRADER] received hedge filled for order 126 with average price 147200 and volume 10
2023-03-08 22:12:02,039 [INFO   ] [TRADER] received order book for instrument 0 with sequence number 82
2023-03-08 22:12:02,039 [INFO   ] [TRADER] received order book for instrument 1 with sequence number 82
2023-03-08 22:12:02,039 [INFO   ] [TRADER] received order filled for order 127 with price 146900 and volume 10
2023-03-08 22:12:02,039 [INFO   ] [TRADER] received trade ticks for instrument 1 with sequence number 33
2023-03-08 22:12:02,039 [INFO   ] [TRADER] received order status for order 127 with fill volume 10 remaining 0 and fees 294
2023-03-08 22:12:02,039 [INFO   ] [TRADER] received hedge filled for order 128 with average price 147400 and volume 10
2023-03-08 22:12:02,130 [INFO   ] [TRADER] received trade ticks for instrument 1 with sequence number 34
2023-03-08 22:12:02,274 [INFO   ] [TRADER] received trade ticks for instrument 0 with sequence number 20
2023-03-08 22:12:02,297 [INFO   ] [TRADER] received order book for instrument 0 with sequence number 83
2023-03-08 22:12:02,297 [INFO   ] [TRADER] received order book for instrument 1 with sequence number 83
2023-03-08 22:12:02,297 [INFO   ] [TRADER] received order status for order 125 with fill volume 0 remaining 0 and fees 0
2023-03-08 22:12:02,297 [INFO   ] [TRADER] received order filled for order 129 with price 147000 and volume 10
2023-03-08 22:12:02,297 [INFO   ] [TRADER] received trade ticks for instrument 1 with sequence number 35
2023-03-08 22:12:02,297 [INFO   ] [TRADER] received order status for order 129 with fill volume 10 remaining 0 and fees 294
2023-03-08 22:12:02,297 [INFO   ] [TRADER] received order status for order 130 with fill volume 0 remaining 10 and fees 0
2023-03-08 22:12:02,298 [INFO   ] [TRADER] received hedge filled for order 131 with average price 147800 and volume 10
2023-03-08 22:12:02,435 [INFO   ] [TRADER] received trade ticks for instrument 1 with sequence number 36
2023-03-08 22:12:02,526 [INFO   ] [TRADER] received trade ticks for instrument 0 with sequence number 21
2023-03-08 22:12:02,556 [INFO   ] [TRADER] received order book for instrument 0 with sequence number 84
2023-03-08 22:12:02,556 [INFO   ] [TRADER] received order book for instrument 1 with sequence number 84
2023-03-08 22:12:02,556 [INFO   ] [TRADER] received order filled for order 130 with price 147400 and volume 10
2023-03-08 22:12:02,556 [INFO   ] [TRADER] received order status for order 130 with fill volume 10 remaining 0 and fees -147
2023-03-08 22:12:02,556 [INFO   ] [TRADER] received order status for order 132 with fill volume 0 remaining 10 and fees 0
2023-03-08 22:12:02,557 [INFO   ] [TRADER] received order filled for order 133 with price 147600 and volume 6
2023-03-08 22:12:02,557 [INFO   ] [TRADER] received order status for order 133 with fill volume 6 remaining 4 and fees 177
2023-03-08 22:12:02,557 [INFO   ] [TRADER] received trade ticks for instrument 1 with sequence number 37
2023-03-08 22:12:02,557 [INFO   ] [TRADER] received order filled for order 133 with price 147300 and volume 4
2023-03-08 22:12:02,557 [INFO   ] [TRADER] received order status for order 133 with fill volume 10 remaining 0 and fees 295
2023-03-08 22:12:02,557 [INFO   ] [TRADER] received hedge filled for order 134 with average price 147900 and volume 10
2023-03-08 22:12:02,557 [INFO   ] [TRADER] received hedge filled for order 135 with average price 147900 and volume 6
2023-03-08 22:12:02,557 [INFO   ] [TRADER] received hedge filled for order 136 with average price 147900 and volume 4
2023-03-08 22:12:02,824 [INFO   ] [TRADER] received order book for instrument 0 with sequence number 85
2023-03-08 22:12:02,824 [INFO   ] [TRADER] received order book for instrument 1 with sequence number 85
2023-03-08 22:12:02,824 [INFO   ] [TRADER] received order status for order 132 with fill volume 0 remaining 0 and fees 0
2023-03-08 22:12:02,824 [INFO   ] [TRADER] received order status for order 137 with fill volume 0 remaining 10 and fees 0
2023-03-08 22:12:02,824 [INFO   ] [TRADER] received order status for order 138 with fill volume 0 remaining 10 and fees 0
2023-03-08 22:12:02,890 [INFO   ] [TRADER] received trade ticks for instrument 0 with sequence number 22
2023-03-08 22:12:03,077 [INFO   ] [TRADER] received order book for instrument 0 with sequence number 86
2023-03-08 22:12:03,077 [INFO   ] [TRADER] received order book for instrument 1 with sequence number 86
2023-03-08 22:12:03,077 [INFO   ] [TRADER] received order status for order 137 with fill volume 0 remaining 0 and fees 0
2023-03-08 22:12:03,078 [INFO   ] [TRADER] received order status for order 138 with fill volume 0 remaining 0 and fees 0
2023-03-08 22:12:03,078 [INFO   ] [TRADER] received order status for order 139 with fill volume 0 remaining 10 and fees 0
2023-03-08 22:12:03,078 [INFO   ] [TRADER] received order status for order 140 with fill volume 0 remaining 10 and fees 0
2023-03-08 22:12:03,323 [INFO   ] [TRADER] received order book for instrument 0 with sequence number 87
2023-03-08 22:12:03,323 [INFO   ] [TRADER] received order book for instrument 1 with sequence number 87
2023-03-08 22:12:03,611 [INFO   ] [TRADER] received order book for instrument 0 with sequence number 88
2023-03-08 22:12:03,611 [INFO   ] [TRADER] received order book for instrument 1 with sequence number 88
2023-03-08 22:12:03,775 [INFO   ] [TRADER] received trade ticks for instrument 0 with sequence number 23
2023-03-08 22:12:03,828 [INFO   ] [TRADER] received order book for instrument 0 with sequence number 89
2023-03-08 22:12:03,828 [INFO   ] [TRADER] received order book for instrument 1 with sequence number 89
2023-03-08 22:12:03,829 [INFO   ] [TRADER] received order status for order 139 with fill volume 0 remaining 0 and fees 0
2023-03-08 22:12:03,829 [INFO   ] [TRADER] received order status for order 140 with fill volume 0 remaining 0 and fees 0
2023-03-08 22:12:03,829 [INFO   ] [TRADER] received order status for order 141 with fill volume 0 remaining 10 and fees 0
2023-03-08 22:12:03,829 [INFO   ] [TRADER] received order status for order 142 with fill volume 0 remaining 10 and fees 0
2023-03-08 22:12:04,093 [INFO   ] [TRADER] received order book for instrument 0 with sequence number 90
2023-03-08 22:12:04,093 [INFO   ] [TRADER] received order book for instrument 1 with sequence number 90
2023-03-08 22:12:04,140 [INFO   ] [TRADER] received trade ticks for instrument 0 with sequence number 24
2023-03-08 22:12:04,286 [INFO   ] [TRADER] received trade ticks for instrument 0 with sequence number 25
2023-03-08 22:12:04,313 [INFO   ] [TRADER] received order book for instrument 0 with sequence number 91
2023-03-08 22:12:04,313 [INFO   ] [TRADER] received order book for instrument 1 with sequence number 91
2023-03-08 22:12:04,313 [INFO   ] [TRADER] received order status for order 142 with fill volume 0 remaining 0 and fees 0
2023-03-08 22:12:04,314 [INFO   ] [TRADER] received order status for order 143 with fill volume 0 remaining 10 and fees 0
2023-03-08 22:12:04,536 [INFO   ] [TRADER] received trade ticks for instrument 0 with sequence number 26
2023-03-08 22:12:04,587 [INFO   ] [TRADER] received trade ticks for instrument 0 with sequence number 27
2023-03-08 22:12:04,589 [INFO   ] [TRADER] received order book for instrument 0 with sequence number 92
2023-03-08 22:12:04,589 [INFO   ] [TRADER] received order book for instrument 1 with sequence number 92
2023-03-08 22:12:04,590 [INFO   ] [TRADER] received order status for order 143 with fill volume 0 remaining 0 and fees 0
2023-03-08 22:12:04,590 [INFO   ] [TRADER] received order status for order 144 with fill volume 0 remaining 10 and fees 0
2023-03-08 22:12:04,722 [INFO   ] [TRADER] received trade ticks for instrument 0 with sequence number 28
2023-03-08 22:12:04,852 [INFO   ] [TRADER] received order book for instrument 0 with sequence number 93
2023-03-08 22:12:04,852 [INFO   ] [TRADER] received order book for instrument 1 with sequence number 93
2023-03-08 22:12:04,853 [INFO   ] [TRADER] received order status for order 141 with fill volume 0 remaining 0 and fees 0
2023-03-08 22:12:04,853 [INFO   ] [TRADER] received order status for order 145 with fill volume 0 remaining 10 and fees 0
2023-03-08 22:12:05,118 [INFO   ] [TRADER] received order book for instrument 0 with sequence number 94
2023-03-08 22:12:05,118 [INFO   ] [TRADER] received order book for instrument 1 with sequence number 94
2023-03-08 22:12:05,118 [INFO   ] [TRADER] received order status for order 145 with fill volume 0 remaining 0 and fees 0
2023-03-08 22:12:05,118 [INFO   ] [TRADER] received order status for order 144 with fill volume 0 remaining 0 and fees 0
2023-03-08 22:12:05,118 [INFO   ] [TRADER] received order status for order 146 with fill volume 0 remaining 10 and fees 0
2023-03-08 22:12:05,118 [INFO   ] [TRADER] received order filled for order 147 with price 147400 and volume 10
2023-03-08 22:12:05,118 [INFO   ] [TRADER] received order status for order 147 with fill volume 10 remaining 0 and fees 295
2023-03-08 22:12:05,118 [INFO   ] [TRADER] received trade ticks for instrument 1 with sequence number 38
2023-03-08 22:12:05,118 [INFO   ] [TRADER] received hedge filled for order 148 with average price 147700 and volume 10
2023-03-08 22:12:05,236 [INFO   ] [TRADER] received trade ticks for instrument 0 with sequence number 29
2023-03-08 22:12:05,312 [INFO   ] [TRADER] received order book for instrument 0 with sequence number 95
2023-03-08 22:12:05,312 [INFO   ] [TRADER] received order book for instrument 1 with sequence number 95
2023-03-08 22:12:05,313 [INFO   ] [TRADER] received order status for order 146 with fill volume 0 remaining 0 and fees 0
2023-03-08 22:12:05,313 [INFO   ] [TRADER] received order status for order 149 with fill volume 0 remaining 10 and fees 0
2023-03-08 22:12:05,313 [INFO   ] [TRADER] received order status for order 150 with fill volume 0 remaining 10 and fees 0
2023-03-08 22:12:05,478 [INFO   ] [TRADER] received trade ticks for instrument 0 with sequence number 30
2023-03-08 22:12:05,571 [INFO   ] [TRADER] received order book for instrument 0 with sequence number 96
2023-03-08 22:12:05,571 [INFO   ] [TRADER] received order book for instrument 1 with sequence number 96
2023-03-08 22:12:05,572 [INFO   ] [TRADER] received order status for order 149 with fill volume 0 remaining 0 and fees 0
2023-03-08 22:12:05,572 [INFO   ] [TRADER] received order status for order 150 with fill volume 0 remaining 0 and fees 0
2023-03-08 22:12:05,572 [INFO   ] [TRADER] received order status for order 151 with fill volume 0 remaining 10 and fees 0
2023-03-08 22:12:05,572 [INFO   ] [TRADER] received order status for order 152 with fill volume 0 remaining 10 and fees 0
2023-03-08 22:12:05,832 [INFO   ] [TRADER] received order book for instrument 0 with sequence number 97
2023-03-08 22:12:05,832 [INFO   ] [TRADER] received order book for instrument 1 with sequence number 97
2023-03-08 22:12:05,832 [INFO   ] [TRADER] received order status for order 151 with fill volume 0 remaining 0 and fees 0
2023-03-08 22:12:05,832 [INFO   ] [TRADER] received order filled for order 153 with price 147400 and volume 10
2023-03-08 22:12:05,832 [INFO   ] [TRADER] received order status for order 153 with fill volume 10 remaining 0 and fees 295
2023-03-08 22:12:05,832 [INFO   ] [TRADER] received trade ticks for instrument 1 with sequence number 39
2023-03-08 22:12:05,833 [INFO   ] [TRADER] received hedge filled for order 154 with average price 147700 and volume 10
2023-03-08 22:12:06,071 [INFO   ] [TRADER] received order book for instrument 0 with sequence number 98
2023-03-08 22:12:06,071 [INFO   ] [TRADER] received order book for instrument 1 with sequence number 98
2023-03-08 22:12:06,072 [INFO   ] [TRADER] received order status for order 152 with fill volume 0 remaining 0 and fees 0
2023-03-08 22:12:06,072 [INFO   ] [TRADER] received order status for order 155 with fill volume 0 remaining 10 and fees 0
2023-03-08 22:12:06,072 [INFO   ] [TRADER] received order status for order 156 with fill volume 0 remaining 10 and fees 0
2023-03-08 22:12:06,318 [INFO   ] [TRADER] received order book for instrument 0 with sequence number 99
2023-03-08 22:12:06,318 [INFO   ] [TRADER] received order book for instrument 1 with sequence number 99
2023-03-08 22:12:06,319 [INFO   ] [TRADER] received order status for order 155 with fill volume 0 remaining 0 and fees 0
2023-03-08 22:12:06,319 [INFO   ] [TRADER] received order status for order 156 with fill volume 0 remaining 0 and fees 0
2023-03-08 22:12:06,319 [INFO   ] [TRADER] received order filled for order 157 with price 147400 and volume 10
2023-03-08 22:12:06,319 [INFO   ] [TRADER] received order status for order 157 with fill volume 10 remaining 0 and fees 295
2023-03-08 22:12:06,319 [INFO   ] [TRADER] received order status for order 158 with fill volume 0 remaining 10 and fees 0
2023-03-08 22:12:06,319 [INFO   ] [TRADER] received trade ticks for instrument 1 with sequence number 40
2023-03-08 22:12:06,319 [INFO   ] [TRADER] received hedge filled for order 159 with average price 147900 and volume 10
2023-03-08 22:12:06,372 [INFO   ] [TRADER] received trade ticks for instrument 1 with sequence number 41
2023-03-08 22:12:06,568 [INFO   ] [TRADER] received order book for instrument 0 with sequence number 100
2023-03-08 22:12:06,568 [INFO   ] [TRADER] received order book for instrument 1 with sequence number 100
2023-03-08 22:12:06,569 [INFO   ] [TRADER] received order status for order 158 with fill volume 0 remaining 0 and fees 0
2023-03-08 22:12:06,569 [INFO   ] [TRADER] received order status for order 160 with fill volume 0 remaining 10 and fees 0
2023-03-08 22:12:06,569 [INFO   ] [TRADER] received order status for order 161 with fill volume 0 remaining 10 and fees 0
2023-03-08 22:12:06,569 [INFO   ] [TRADER] received trade ticks for instrument 0 with sequence number 31
2023-03-08 22:12:06,863 [INFO   ] [TRADER] received order book for instrument 0 with sequence number 101
2023-03-08 22:12:06,864 [INFO   ] [TRADER] received order book for instrument 1 with sequence number 101
2023-03-08 22:12:06,864 [INFO   ] [TRADER] received order status for order 160 with fill volume 0 remaining 0 and fees 0
2023-03-08 22:12:06,864 [INFO   ] [TRADER] received order status for order 161 with fill volume 0 remaining 0 and fees 0
2023-03-08 22:12:06,864 [INFO   ] [TRADER] received order filled for order 162 with price 147700 and volume 10
2023-03-08 22:12:06,864 [INFO   ] [TRADER] received order status for order 162 with fill volume 10 remaining 0 and fees 295
2023-03-08 22:12:06,864 [INFO   ] [TRADER] received order status for order 163 with fill volume 0 remaining 10 and fees 0
2023-03-08 22:12:06,864 [INFO   ] [TRADER] received trade ticks for instrument 1 with sequence number 42
2023-03-08 22:12:06,864 [INFO   ] [TRADER] received hedge filled for order 164 with average price 148200 and volume 10
2023-03-08 22:12:06,983 [INFO   ] [TRADER] received trade ticks for instrument 0 with sequence number 32
2023-03-08 22:12:07,076 [INFO   ] [TRADER] received trade ticks for instrument 1 with sequence number 43
2023-03-08 22:12:07,097 [INFO   ] [TRADER] received order book for instrument 0 with sequence number 102
2023-03-08 22:12:07,097 [INFO   ] [TRADER] received order book for instrument 1 with sequence number 102
2023-03-08 22:12:07,097 [INFO   ] [TRADER] received order status for order 163 with fill volume 0 remaining 0 and fees 0
2023-03-08 22:12:07,097 [INFO   ] [TRADER] received order status for order 165 with fill volume 0 remaining 10 and fees 0
2023-03-08 22:12:07,097 [INFO   ] [TRADER] received order filled for order 166 with price 147600 and volume 10
2023-03-08 22:12:07,097 [INFO   ] [TRADER] received order status for order 166 with fill volume 10 remaining 0 and fees 295
2023-03-08 22:12:07,097 [INFO   ] [TRADER] received trade ticks for instrument 1 with sequence number 44
2023-03-08 22:12:07,097 [INFO   ] [TRADER] received hedge filled for order 167 with average price 148200 and volume 10
2023-03-08 22:12:07,239 [INFO   ] [TRADER] received trade ticks for instrument 0 with sequence number 33
2023-03-08 22:12:07,280 [INFO   ] [TRADER] received trade ticks for instrument 0 with sequence number 34
2023-03-08 22:12:07,305 [INFO   ] [TRADER] received order book for instrument 0 with sequence number 103
2023-03-08 22:12:07,305 [INFO   ] [TRADER] received order book for instrument 1 with sequence number 103
2023-03-08 22:12:07,305 [INFO   ] [TRADER] received order status for order 168 with fill volume 0 remaining 10 and fees 0
2023-03-08 22:12:07,489 [INFO   ] [TRADER] received trade ticks for instrument 1 with sequence number 45
2023-03-08 22:12:07,627 [INFO   ] [TRADER] received order book for instrument 0 with sequence number 104
2023-03-08 22:12:07,627 [INFO   ] [TRADER] received order book for instrument 1 with sequence number 104
2023-03-08 22:12:07,627 [INFO   ] [TRADER] received order status for order 168 with fill volume 0 remaining 0 and fees 0
2023-03-08 22:12:07,627 [INFO   ] [TRADER] received order status for order 169 with fill volume 0 remaining 10 and fees 0
2023-03-08 22:12:07,876 [INFO   ] [TRADER] received order book for instrument 0 with sequence number 105
2023-03-08 22:12:07,876 [INFO   ] [TRADER] received order book for instrument 1 with sequence number 105
2023-03-08 22:12:07,876 [INFO   ] [TRADER] received order status for order 169 with fill volume 0 remaining 0 and fees 0
2023-03-08 22:12:07,876 [INFO   ] [TRADER] received order status for order 170 with fill volume 0 remaining 10 and fees 0
2023-03-08 22:12:08,060 [INFO   ] [TRADER] received order book for instrument 0 with sequence number 106
2023-03-08 22:12:08,060 [INFO   ] [TRADER] received order book for instrument 1 with sequence number 106
2023-03-08 22:12:08,060 [INFO   ] [TRADER] received order status for order 165 with fill volume 0 remaining 0 and fees 0
2023-03-08 22:12:08,061 [INFO   ] [TRADER] received order status for order 171 with fill volume 0 remaining 10 and fees 0
2023-03-08 22:12:08,139 [INFO   ] [TRADER] received trade ticks for instrument 0 with sequence number 35
2023-03-08 22:12:08,237 [INFO   ] [TRADER] received trade ticks for instrument 1 with sequence number 46
2023-03-08 22:12:08,314 [INFO   ] [TRADER] received order book for instrument 0 with sequence number 107
2023-03-08 22:12:08,315 [INFO   ] [TRADER] received order book for instrument 1 with sequence number 107
2023-03-08 22:12:08,315 [INFO   ] [TRADER] received order status for order 171 with fill volume 0 remaining 0 and fees 0
2023-03-08 22:12:08,315 [INFO   ] [TRADER] received order status for order 170 with fill volume 0 remaining 0 and fees 0
2023-03-08 22:12:08,315 [INFO   ] [TRADER] received order status for order 172 with fill volume 0 remaining 10 and fees 0
2023-03-08 22:12:08,315 [INFO   ] [TRADER] received order status for order 173 with fill volume 0 remaining 10 and fees 0
2023-03-08 22:12:08,538 [INFO   ] [TRADER] received order book for instrument 0 with sequence number 108
2023-03-08 22:12:08,538 [INFO   ] [TRADER] received order book for instrument 1 with sequence number 108
2023-03-08 22:12:08,538 [INFO   ] [TRADER] received order status for order 173 with fill volume 0 remaining 0 and fees 0
2023-03-08 22:12:08,539 [INFO   ] [TRADER] received order status for order 174 with fill volume 0 remaining 10 and fees 0
2023-03-08 22:12:08,865 [INFO   ] [TRADER] received order book for instrument 0 with sequence number 109
2023-03-08 22:12:08,865 [INFO   ] [TRADER] received order book for instrument 1 with sequence number 109
2023-03-08 22:12:08,938 [INFO   ] [TRADER] received order filled for order 172 with price 147400 and volume 10
2023-03-08 22:12:08,939 [INFO   ] [TRADER] received trade ticks for instrument 1 with sequence number 47
2023-03-08 22:12:08,939 [INFO   ] [TRADER] received order status for order 172 with fill volume 10 remaining 0 and fees -147
2023-03-08 22:12:08,939 [INFO   ] [TRADER] received hedge filled for order 175 with average price 147900 and volume 10
2023-03-08 22:12:09,102 [INFO   ] [TRADER] received order book for instrument 0 with sequence number 110
2023-03-08 22:12:09,102 [INFO   ] [TRADER] received order book for instrument 1 with sequence number 110
2023-03-08 22:12:09,103 [INFO   ] [TRADER] received order status for order 174 with fill volume 0 remaining 0 and fees 0
2023-03-08 22:12:09,103 [INFO   ] [TRADER] received order status for order 176 with fill volume 0 remaining 10 and fees 0
2023-03-08 22:12:09,103 [INFO   ] [TRADER] received order status for order 177 with fill volume 0 remaining 10 and fees 0
2023-03-08 22:12:09,359 [INFO   ] [TRADER] received order book for instrument 0 with sequence number 111
2023-03-08 22:12:09,359 [INFO   ] [TRADER] received order book for instrument 1 with sequence number 111
2023-03-08 22:12:09,359 [INFO   ] [TRADER] received order status for order 176 with fill volume 0 remaining 0 and fees 0
2023-03-08 22:12:09,359 [INFO   ] [TRADER] received order status for order 177 with fill volume 0 remaining 0 and fees 0
2023-03-08 22:12:09,359 [INFO   ] [TRADER] received order status for order 178 with fill volume 0 remaining 10 and fees 0
2023-03-08 22:12:09,359 [INFO   ] [TRADER] received order status for order 179 with fill volume 0 remaining 10 and fees 0
2023-03-08 22:12:09,628 [INFO   ] [TRADER] received order book for instrument 0 with sequence number 112
2023-03-08 22:12:09,628 [INFO   ] [TRADER] received order book for instrument 1 with sequence number 112
2023-03-08 22:12:09,628 [INFO   ] [TRADER] received order status for order 178 with fill volume 0 remaining 0 and fees 0
2023-03-08 22:12:09,628 [INFO   ] [TRADER] received order status for order 179 with fill volume 0 remaining 0 and fees 0
2023-03-08 22:12:09,628 [INFO   ] [TRADER] received order status for order 180 with fill volume 0 remaining 10 and fees 0
2023-03-08 22:12:09,628 [INFO   ] [TRADER] received trade ticks for instrument 0 with sequence number 36
2023-03-08 22:12:09,628 [INFO   ] [TRADER] received order status for order 181 with fill volume 0 remaining 10 and fees 0
2023-03-08 22:12:09,775 [INFO   ] [TRADER] received order filled for order 181 with price 147400 and volume 10
2023-03-08 22:12:09,775 [INFO   ] [TRADER] received order status for order 181 with fill volume 10 remaining 0 and fees -147
2023-03-08 22:12:09,775 [INFO   ] [TRADER] received trade ticks for instrument 1 with sequence number 48
2023-03-08 22:12:09,775 [INFO   ] [TRADER] received trade ticks for instrument 0 with sequence number 37
2023-03-08 22:12:09,775 [INFO   ] [TRADER] received hedge filled for order 182 with average price 147800 and volume 10
2023-03-08 22:12:09,805 [INFO   ] [TRADER] received order book for instrument 0 with sequence number 113
2023-03-08 22:12:09,805 [INFO   ] [TRADER] received order book for instrument 1 with sequence number 113
2023-03-08 22:12:09,806 [INFO   ] [TRADER] received order status for order 180 with fill volume 0 remaining 0 and fees 0
2023-03-08 22:12:09,806 [INFO   ] [TRADER] received order status for order 183 with fill volume 0 remaining 10 and fees 0
2023-03-08 22:12:09,806 [INFO   ] [TRADER] received order status for order 184 with fill volume 0 remaining 10 and fees 0
2023-03-08 22:12:10,126 [INFO   ] [TRADER] received order book for instrument 0 with sequence number 114
2023-03-08 22:12:10,126 [INFO   ] [TRADER] received order book for instrument 1 with sequence number 114
2023-03-08 22:12:10,126 [INFO   ] [TRADER] received order filled for order 184 with price 147300 and volume 10
2023-03-08 22:12:10,126 [INFO   ] [TRADER] received order status for order 184 with fill volume 10 remaining 0 and fees -147
2023-03-08 22:12:10,126 [INFO   ] [TRADER] received order status for order 185 with fill volume 0 remaining 10 and fees 0
2023-03-08 22:12:10,126 [INFO   ] [TRADER] received trade ticks for instrument 1 with sequence number 49
2023-03-08 22:12:10,126 [INFO   ] [TRADER] received hedge filled for order 186 with average price 147700 and volume 10
2023-03-08 22:12:10,327 [INFO   ] [TRADER] received order book for instrument 0 with sequence number 115
2023-03-08 22:12:10,327 [INFO   ] [TRADER] received order book for instrument 1 with sequence number 115
2023-03-08 22:12:10,327 [INFO   ] [TRADER] received order status for order 183 with fill volume 0 remaining 0 and fees 0
2023-03-08 22:12:10,327 [INFO   ] [TRADER] received order status for order 185 with fill volume 0 remaining 0 and fees 0
2023-03-08 22:12:10,327 [INFO   ] [TRADER] received order status for order 187 with fill volume 0 remaining 10 and fees 0
2023-03-08 22:12:10,327 [INFO   ] [TRADER] received order status for order 188 with fill volume 0 remaining 10 and fees 0
2023-03-08 22:12:10,490 [INFO   ] [TRADER] received trade ticks for instrument 0 with sequence number 38
2023-03-08 22:12:10,532 [INFO   ] [TRADER] received order book for instrument 0 with sequence number 116
2023-03-08 22:12:10,532 [INFO   ] [TRADER] received order book for instrument 1 with sequence number 116
2023-03-08 22:12:10,532 [INFO   ] [TRADER] received order status for order 188 with fill volume 0 remaining 0 and fees 0
2023-03-08 22:12:10,532 [INFO   ] [TRADER] received order status for order 189 with fill volume 0 remaining 10 and fees 0
2023-03-08 22:12:10,838 [INFO   ] [TRADER] received order book for instrument 0 with sequence number 117
2023-03-08 22:12:10,838 [INFO   ] [TRADER] received order book for instrument 1 with sequence number 117
2023-03-08 22:12:10,838 [INFO   ] [TRADER] received order status for order 189 with fill volume 0 remaining 0 and fees 0
2023-03-08 22:12:10,838 [INFO   ] [TRADER] received order status for order 190 with fill volume 0 remaining 10 and fees 0
2023-03-08 22:12:11,092 [INFO   ] [TRADER] received order book for instrument 0 with sequence number 118
2023-03-08 22:12:11,092 [INFO   ] [TRADER] received order book for instrument 1 with sequence number 118
2023-03-08 22:12:11,336 [INFO   ] [TRADER] received trade ticks for instrument 0 with sequence number 39
2023-03-08 22:12:11,359 [INFO   ] [TRADER] received order book for instrument 0 with sequence number 119
2023-03-08 22:12:11,359 [INFO   ] [TRADER] received order book for instrument 1 with sequence number 119
2023-03-08 22:12:11,359 [INFO   ] [TRADER] received order status for order 187 with fill volume 0 remaining 0 and fees 0
2023-03-08 22:12:11,359 [INFO   ] [TRADER] received order status for order 190 with fill volume 0 remaining 0 and fees 0
2023-03-08 22:12:11,359 [INFO   ] [TRADER] received order status for order 191 with fill volume 0 remaining 10 and fees 0
2023-03-08 22:12:11,360 [INFO   ] [TRADER] received order filled for order 192 with price 147100 and volume 10
2023-03-08 22:12:11,360 [INFO   ] [TRADER] received order status for order 192 with fill volume 10 remaining 0 and fees 294
2023-03-08 22:12:11,360 [INFO   ] [TRADER] received trade ticks for instrument 1 with sequence number 50
2023-03-08 22:12:11,360 [INFO   ] [TRADER] received hedge filled for order 193 with average price 147400 and volume 10
2023-03-08 22:12:11,571 [INFO   ] [TRADER] received order book for instrument 0 with sequence number 120
2023-03-08 22:12:11,572 [INFO   ] [TRADER] received order book for instrument 1 with sequence number 120
2023-03-08 22:12:11,572 [INFO   ] [TRADER] received order status for order 191 with fill volume 0 remaining 0 and fees 0
2023-03-08 22:12:11,572 [INFO   ] [TRADER] received order status for order 194 with fill volume 0 remaining 10 and fees 0
2023-03-08 22:12:11,572 [INFO   ] [TRADER] received order status for order 195 with fill volume 0 remaining 10 and fees 0
2023-03-08 22:12:11,732 [INFO   ] [TRADER] received order filled for order 195 with price 147100 and volume 10
2023-03-08 22:12:11,732 [INFO   ] [TRADER] received order status for order 195 with fill volume 10 remaining 0 and fees -147
2023-03-08 22:12:11,732 [INFO   ] [TRADER] received trade ticks for instrument 1 with sequence number 51
2023-03-08 22:12:11,732 [INFO   ] [TRADER] received hedge filled for order 196 with average price 147400 and volume 10
2023-03-08 22:12:11,783 [INFO   ] [TRADER] received order book for instrument 0 with sequence number 121
2023-03-08 22:12:11,783 [INFO   ] [TRADER] received order book for instrument 1 with sequence number 121
2023-03-08 22:12:11,783 [INFO   ] [TRADER] received order status for order 194 with fill volume 0 remaining 0 and fees 0
2023-03-08 22:12:11,783 [INFO   ] [TRADER] received order status for order 197 with fill volume 0 remaining 10 and fees 0
2023-03-08 22:12:11,783 [INFO   ] [TRADER] received order status for order 198 with fill volume 0 remaining 10 and fees 0
2023-03-08 22:12:11,881 [INFO   ] [TRADER] received order filled for order 197 with price 147000 and volume 10
2023-03-08 22:12:11,881 [INFO   ] [TRADER] received order status for order 197 with fill volume 10 remaining 0 and fees -147
2023-03-08 22:12:11,882 [INFO   ] [TRADER] received trade ticks for instrument 1 with sequence number 52
2023-03-08 22:12:11,882 [INFO   ] [TRADER] received hedge filled for order 199 with average price 147300 and volume 10
2023-03-08 22:12:12,102 [INFO   ] [TRADER] received order book for instrument 0 with sequence number 122
2023-03-08 22:12:12,102 [INFO   ] [TRADER] received order book for instrument 1 with sequence number 122
2023-03-08 22:12:12,102 [INFO   ] [TRADER] received order status for order 198 with fill volume 0 remaining 0 and fees 0
2023-03-08 22:12:12,102 [INFO   ] [TRADER] received order status for order 200 with fill volume 0 remaining 10 and fees 0
2023-03-08 22:12:12,102 [INFO   ] [TRADER] received order status for order 201 with fill volume 0 remaining 10 and fees 0
2023-03-08 22:12:12,305 [INFO   ] [TRADER] received order book for instrument 0 with sequence number 123
2023-03-08 22:12:12,305 [INFO   ] [TRADER] received order book for instrument 1 with sequence number 123
2023-03-08 22:12:12,531 [INFO   ] [TRADER] received trade ticks for instrument 0 with sequence number 40
2023-03-08 22:12:12,612 [INFO   ] [TRADER] received order book for instrument 0 with sequence number 124
2023-03-08 22:12:12,612 [INFO   ] [TRADER] received order book for instrument 1 with sequence number 124
2023-03-08 22:12:12,612 [INFO   ] [TRADER] received order status for order 200 with fill volume 0 remaining 0 and fees 0
2023-03-08 22:12:12,612 [INFO   ] [TRADER] received order filled for order 202 with price 147000 and volume 10
2023-03-08 22:12:12,612 [INFO   ] [TRADER] received order status for order 202 with fill volume 10 remaining 0 and fees 294
2023-03-08 22:12:12,612 [INFO   ] [TRADER] received trade ticks for instrument 1 with sequence number 53
2023-03-08 22:12:12,612 [INFO   ] [TRADER] received hedge filled for order 203 with average price 147300 and volume 10
2023-03-08 22:12:12,828 [INFO   ] [TRADER] received trade ticks for instrument 0 with sequence number 41
2023-03-08 22:12:12,862 [INFO   ] [TRADER] received order book for instrument 0 with sequence number 125
2023-03-08 22:12:12,862 [INFO   ] [TRADER] received order book for instrument 1 with sequence number 125
2023-03-08 22:12:12,862 [INFO   ] [TRADER] received order status for order 201 with fill volume 0 remaining 0 and fees 0
2023-03-08 22:12:12,863 [INFO   ] [TRADER] received order filled for order 204 with price 147000 and volume 10
2023-03-08 22:12:12,863 [INFO   ] [TRADER] received order status for order 204 with fill volume 10 remaining 0 and fees 294
2023-03-08 22:12:12,863 [INFO   ] [TRADER] received order status for order 205 with fill volume 0 remaining 10 and fees 0
2023-03-08 22:12:12,863 [INFO   ] [TRADER] received trade ticks for instrument 1 with sequence number 54
2023-03-08 22:12:12,863 [INFO   ] [TRADER] received hedge filled for order 206 with average price 147400 and volume 10
2023-03-08 22:12:13,066 [INFO   ] [TRADER] received order book for instrument 0 with sequence number 126
2023-03-08 22:12:13,066 [INFO   ] [TRADER] received order book for instrument 1 with sequence number 126
2023-03-08 22:12:13,067 [INFO   ] [TRADER] received order filled for order 207 with price 147000 and volume 10
2023-03-08 22:12:13,067 [INFO   ] [TRADER] received order status for order 207 with fill volume 10 remaining 0 and fees 294
2023-03-08 22:12:13,067 [INFO   ] [TRADER] received trade ticks for instrument 1 with sequence number 55
2023-03-08 22:12:13,067 [INFO   ] [TRADER] received hedge filled for order 208 with average price 147400 and volume 10
2023-03-08 22:12:13,286 [INFO   ] [TRADER] received trade ticks for instrument 1 with sequence number 56
2023-03-08 22:12:13,347 [INFO   ] [TRADER] received order book for instrument 0 with sequence number 127
2023-03-08 22:12:13,347 [INFO   ] [TRADER] received order book for instrument 1 with sequence number 127
2023-03-08 22:12:13,348 [INFO   ] [TRADER] received order status for order 209 with fill volume 0 remaining 10 and fees 0
2023-03-08 22:12:13,542 [INFO   ] [TRADER] received order book for instrument 0 with sequence number 128
2023-03-08 22:12:13,542 [INFO   ] [TRADER] received order book for instrument 1 with sequence number 128
2023-03-08 22:12:13,542 [INFO   ] [TRADER] received order status for order 205 with fill volume 0 remaining 0 and fees 0
2023-03-08 22:12:13,542 [INFO   ] [TRADER] received order status for order 210 with fill volume 0 remaining 10 and fees 0
2023-03-08 22:12:13,732 [INFO   ] [TRADER] received order filled for order 209 with price 147000 and volume 10
2023-03-08 22:12:13,732 [INFO   ] [TRADER] received order status for order 209 with fill volume 10 remaining 0 and fees -147
2023-03-08 22:12:13,732 [INFO   ] [TRADER] received trade ticks for instrument 1 with sequence number 57
2023-03-08 22:12:13,732 [INFO   ] [TRADER] received hedge filled for order 211 with average price 147600 and volume 10
2023-03-08 22:12:13,819 [INFO   ] [TRADER] received order book for instrument 0 with sequence number 129
2023-03-08 22:12:13,819 [INFO   ] [TRADER] received order book for instrument 1 with sequence number 129
2023-03-08 22:12:13,820 [INFO   ] [TRADER] received order status for order 212 with fill volume 0 remaining 10 and fees 0
2023-03-08 22:12:13,837 [INFO   ] [TRADER] received order filled for order 210 with price 147100 and volume 10
2023-03-08 22:12:13,837 [INFO   ] [TRADER] received order status for order 210 with fill volume 10 remaining 0 and fees -147
2023-03-08 22:12:13,837 [INFO   ] [TRADER] received trade ticks for instrument 1 with sequence number 58
2023-03-08 22:12:13,837 [INFO   ] [TRADER] received hedge filled for order 213 with average price 147800 and volume 10
2023-03-08 22:12:14,074 [INFO   ] [TRADER] received order book for instrument 0 with sequence number 130
2023-03-08 22:12:14,074 [INFO   ] [TRADER] received order book for instrument 1 with sequence number 130
2023-03-08 22:12:14,074 [INFO   ] [TRADER] received order status for order 212 with fill volume 0 remaining 0 and fees 0
2023-03-08 22:12:14,075 [INFO   ] [TRADER] received order status for order 214 with fill volume 0 remaining 10 and fees 0
2023-03-08 22:12:14,075 [INFO   ] [TRADER] received order filled for order 215 with price 147100 and volume 10
2023-03-08 22:12:14,075 [INFO   ] [TRADER] received trade ticks for instrument 1 with sequence number 59
2023-03-08 22:12:14,075 [INFO   ] [TRADER] received order status for order 215 with fill volume 10 remaining 0 and fees 294
2023-03-08 22:12:14,075 [INFO   ] [TRADER] received hedge filled for order 216 with average price 147700 and volume 10
2023-03-08 22:12:14,369 [INFO   ] [TRADER] received order book for instrument 0 with sequence number 131
2023-03-08 22:12:14,369 [INFO   ] [TRADER] received order book for instrument 1 with sequence number 131
2023-03-08 22:12:14,370 [INFO   ] [TRADER] received order status for order 214 with fill volume 0 remaining 0 and fees 0
2023-03-08 22:12:14,370 [INFO   ] [TRADER] received order status for order 217 with fill volume 0 remaining 10 and fees 0
2023-03-08 22:12:14,370 [INFO   ] [TRADER] received order status for order 218 with fill volume 0 remaining 10 and fees 0
2023-03-08 22:12:14,524 [INFO   ] [TRADER] received trade ticks for instrument 0 with sequence number 42
2023-03-08 22:12:14,618 [INFO   ] [TRADER] received order book for instrument 0 with sequence number 132
2023-03-08 22:12:14,618 [INFO   ] [TRADER] received order book for instrument 1 with sequence number 132
2023-03-08 22:12:14,619 [INFO   ] [TRADER] received order status for order 217 with fill volume 0 remaining 0 and fees 0
2023-03-08 22:12:14,619 [INFO   ] [TRADER] received order status for order 218 with fill volume 0 remaining 0 and fees 0
2023-03-08 22:12:14,619 [INFO   ] [TRADER] received order status for order 219 with fill volume 0 remaining 10 and fees 0
2023-03-08 22:12:14,619 [INFO   ] [TRADER] received order status for order 220 with fill volume 0 remaining 10 and fees 0
2023-03-08 22:12:14,786 [INFO   ] [TRADER] received order book for instrument 0 with sequence number 133
2023-03-08 22:12:14,786 [INFO   ] [TRADER] received order book for instrument 1 with sequence number 133
2023-03-08 22:12:14,786 [INFO   ] [TRADER] received order status for order 219 with fill volume 0 remaining 0 and fees 0
2023-03-08 22:12:14,786 [INFO   ] [TRADER] received order status for order 220 with fill volume 0 remaining 0 and fees 0
2023-03-08 22:12:14,786 [INFO   ] [TRADER] received order status for order 221 with fill volume 0 remaining 10 and fees 0
2023-03-08 22:12:14,786 [INFO   ] [TRADER] received order filled for order 222 with price 146900 and volume 10
2023-03-08 22:12:14,786 [INFO   ] [TRADER] received order status for order 222 with fill volume 10 remaining 0 and fees 294
2023-03-08 22:12:14,786 [INFO   ] [TRADER] received trade ticks for instrument 1 with sequence number 60
2023-03-08 22:12:14,786 [INFO   ] [TRADER] received hedge filled for order 223 with average price 147400 and volume 10
2023-03-08 22:12:15,035 [INFO   ] [TRADER] received order book for instrument 0 with sequence number 134
2023-03-08 22:12:15,035 [INFO   ] [TRADER] received order book for instrument 1 with sequence number 134
2023-03-08 22:12:15,035 [INFO   ] [TRADER] received order status for order 221 with fill volume 0 remaining 0 and fees 0
2023-03-08 22:12:15,035 [INFO   ] [TRADER] received order status for order 224 with fill volume 0 remaining 10 and fees 0
2023-03-08 22:12:15,035 [INFO   ] [TRADER] received order status for order 225 with fill volume 0 remaining 10 and fees 0
2023-03-08 22:12:15,334 [INFO   ] [TRADER] received order book for instrument 0 with sequence number 135
2023-03-08 22:12:15,334 [INFO   ] [TRADER] received order book for instrument 1 with sequence number 135
2023-03-08 22:12:15,334 [INFO   ] [TRADER] received order status for order 225 with fill volume 0 remaining 0 and fees 0
2023-03-08 22:12:15,334 [INFO   ] [TRADER] received order filled for order 226 with price 146900 and volume 10
2023-03-08 22:12:15,334 [INFO   ] [TRADER] received trade ticks for instrument 1 with sequence number 61
2023-03-08 22:12:15,334 [INFO   ] [TRADER] received order status for order 226 with fill volume 10 remaining 0 and fees 294
2023-03-08 22:12:15,334 [INFO   ] [TRADER] received hedge filled for order 227 with average price 147300 and volume 10
2023-03-08 22:12:15,478 [INFO   ] [TRADER] received trade ticks for instrument 1 with sequence number 62
2023-03-08 22:12:15,602 [INFO   ] [TRADER] received order book for instrument 0 with sequence number 136
2023-03-08 22:12:15,602 [INFO   ] [TRADER] received order book for instrument 1 with sequence number 136
2023-03-08 22:12:15,602 [INFO   ] [TRADER] received order status for order 224 with fill volume 0 remaining 0 and fees 0
2023-03-08 22:12:15,602 [INFO   ] [TRADER] received order status for order 228 with fill volume 0 remaining 10 and fees 0
2023-03-08 22:12:15,602 [INFO   ] [TRADER] received order status for order 229 with fill volume 0 remaining 10 and fees 0
2023-03-08 22:12:15,796 [INFO   ] [TRADER] received order book for instrument 0 with sequence number 137
2023-03-08 22:12:15,796 [INFO   ] [TRADER] received order book for instrument 1 with sequence number 137
2023-03-08 22:12:15,882 [INFO   ] [TRADER] received trade ticks for instrument 0 with sequence number 43
2023-03-08 22:12:16,131 [INFO   ] [TRADER] received order book for instrument 0 with sequence number 138
2023-03-08 22:12:16,132 [INFO   ] [TRADER] received order book for instrument 1 with sequence number 138
2023-03-08 22:12:16,132 [INFO   ] [TRADER] received order status for order 228 with fill volume 0 remaining 0 and fees 0
2023-03-08 22:12:16,132 [INFO   ] [TRADER] received order status for order 230 with fill volume 0 remaining 10 and fees 0
2023-03-08 22:12:16,378 [INFO   ] [TRADER] received order book for instrument 0 with sequence number 139
2023-03-08 22:12:16,378 [INFO   ] [TRADER] received order book for instrument 1 with sequence number 139
2023-03-08 22:12:16,378 [INFO   ] [TRADER] received order status for order 229 with fill volume 0 remaining 0 and fees 0
2023-03-08 22:12:16,378 [INFO   ] [TRADER] received order status for order 231 with fill volume 0 remaining 10 and fees 0
2023-03-08 22:12:16,532 [INFO   ] [TRADER] received order book for instrument 0 with sequence number 140
2023-03-08 22:12:16,533 [INFO   ] [TRADER] received order book for instrument 1 with sequence number 140
2023-03-08 22:12:16,571 [INFO   ] [TRADER] received trade ticks for instrument 1 with sequence number 63
2023-03-08 22:12:16,787 [INFO   ] [TRADER] received order book for instrument 0 with sequence number 141
2023-03-08 22:12:16,787 [INFO   ] [TRADER] received order book for instrument 1 with sequence number 141
2023-03-08 22:12:16,787 [INFO   ] [TRADER] received order status for order 231 with fill volume 0 remaining 0 and fees 0
2023-03-08 22:12:16,788 [INFO   ] [TRADER] received order status for order 232 with fill volume 0 remaining 10 and fees 0
2023-03-08 22:12:16,987 [INFO   ] [TRADER] received trade ticks for instrument 0 with sequence number 44
2023-03-08 22:12:17,045 [INFO   ] [TRADER] received order book for instrument 0 with sequence number 142
2023-03-08 22:12:17,045 [INFO   ] [TRADER] received order book for instrument 1 with sequence number 142
2023-03-08 22:12:17,045 [INFO   ] [TRADER] received order status for order 232 with fill volume 0 remaining 0 and fees 0
2023-03-08 22:12:17,045 [INFO   ] [TRADER] received order status for order 233 with fill volume 0 remaining 10 and fees 0
2023-03-08 22:12:17,186 [INFO   ] [TRADER] received trade ticks for instrument 0 with sequence number 45
2023-03-08 22:12:17,223 [INFO   ] [TRADER] received order filled for order 233 with price 147100 and volume 10
2023-03-08 22:12:17,224 [INFO   ] [TRADER] received order status for order 233 with fill volume 10 remaining 0 and fees -147
2023-03-08 22:12:17,224 [INFO   ] [TRADER] received trade ticks for instrument 1 with sequence number 64
2023-03-08 22:12:17,224 [INFO   ] [TRADER] received hedge filled for order 234 with average price 147600 and volume 10
2023-03-08 22:12:17,290 [INFO   ] [TRADER] received trade ticks for instrument 0 with sequence number 46
2023-03-08 22:12:17,336 [INFO   ] [TRADER] received trade ticks for instrument 0 with sequence number 47
2023-03-08 22:12:17,346 [INFO   ] [APP] SIGTERM signal received - shutting down...
2023-03-08 22:12:17,346 [INFO   ] [APP] closing event loop
2023-03-08 22:12:17,357 [ERROR  ] [asyncio] Task was destroyed but it is pending!
task: <Task pending name='Task-2' coro=<Subscriber._subscribe_worker() done, defined at /Users/samueljie/Library/CloudStorage/OneDrive-UniversityofCambridge/Uni/Contest/Optiver_TraderGp/pyready_trader_go/ready_trader_go/pubsub.py:122> cb=[MmapSubscriber.__init__.<locals>.<lambda>() at /Users/samueljie/Library/CloudStorage/OneDrive-UniversityofCambridge/Uni/Contest/Optiver_TraderGp/pyready_trader_go/ready_trader_go/pubsub.py:176]>
